This is XeTeX, Version 3.141592653-2.6-0.999995 (TeX Live 2023) (preloaded format=xelatex 2023.10.30)  31 DEC 2023 06:40
entering extended mode
 restricted \write18 enabled.
 %&-line parsing enabled.
**index.tex
(./index.tex
LaTeX2e <2022-11-01> patch level 1
L3 programming layer <2023-02-22> (./agujournal2019.cls
Document Class: agujournal2019 01/14/2019
(/usr/local/texlive/2023/texmf-dist/tex/latex/graphics/graphicx.sty
Package: graphicx 2021/09/16 v1.2d Enhanced LaTeX Graphics (DPC,SPQR)
(/usr/local/texlive/2023/texmf-dist/tex/latex/graphics/keyval.sty
Package: keyval 2022/05/29 v1.15 key=value parser (DPC)
\KV@toks@=\toks16
) (/usr/local/texlive/2023/texmf-dist/tex/latex/graphics/graphics.sty
Package: graphics 2022/03/10 v1.4e Standard LaTeX Graphics (DPC,SPQR)
(/usr/local/texlive/2023/texmf-dist/tex/latex/graphics/trig.sty
Package: trig 2021/08/11 v1.11 sin cos tan (DPC)
) (/usr/local/texlive/2023/texmf-dist/tex/latex/graphics-cfg/graphics.cfg
File: graphics.cfg 2016/06/04 v1.11 sample graphics configuration
)
Package graphics Info: Driver file: xetex.def on input line 107.
(/usr/local/texlive/2023/texmf-dist/tex/latex/graphics-def/xetex.def
File: xetex.def 2022/09/22 v5.0n Graphics/color driver for xetex
))
\Gin@req@height=\dimen140
\Gin@req@width=\dimen141
) (/usr/local/texlive/2023/texmf-dist/tex/latex/xcolor/xcolor.sty
Package: xcolor 2022/06/12 v2.14 LaTeX color extensions (UK)
(/usr/local/texlive/2023/texmf-dist/tex/latex/graphics-cfg/color.cfg
File: color.cfg 2016/01/02 v1.6 sample color configuration
)
Package xcolor Info: Driver file: xetex.def on input line 227.
(/usr/local/texlive/2023/texmf-dist/tex/latex/graphics/mathcolor.ltx)
Package xcolor Info: Model `cmy' substituted by `cmy0' on input line 1353.
Package xcolor Info: Model `RGB' extended on input line 1369.
Package xcolor Info: Model `HTML' substituted by `rgb' on input line 1371.
Package xcolor Info: Model `Hsb' substituted by `hsb' on input line 1372.
Package xcolor Info: Model `tHsb' substituted by `hsb' on input line 1373.
Package xcolor Info: Model `HSB' substituted by `hsb' on input line 1374.
Package xcolor Info: Model `Gray' substituted by `gray' on input line 1375.
Package xcolor Info: Model `wave' substituted by `hsb' on input line 1376.
(/usr/local/texlive/2023/texmf-dist/tex/latex/graphics/dvipsnam.def
File: dvipsnam.def 2016/06/17 v3.0m Driver-dependent file (DPC,SPQR)
) (/usr/local/texlive/2023/texmf-dist/tex/latex/xcolor/svgnam.def
File: svgnam.def 2022/06/12 v2.14 Predefined colors according to SVG 1.1 (UK)
) (/usr/local/texlive/2023/texmf-dist/tex/latex/xcolor/x11nam.def
File: x11nam.def 2022/06/12 v2.14 Predefined colors according to Unix/X11 (UK)
)) (/usr/local/texlive/2023/texmf-dist/tex/latex/url/url.sty
\Urlmuskip=\muskip16
Package: url 2013/09/16  ver 3.4  Verb mode for urls, etc.
) (/usr/local/texlive/2023/texmf-dist/tex/latex/lineno/lineno.sty
Package: lineno 2023/01/19 line numbers on paragraphs v5.1
Invalid UTF-8 byte or sequence at line 290 replaced by U+FFFD.
\linenopenalty=\count181
\output=\toks17
\linenoprevgraf=\count182
\linenumbersep=\dimen142
\linenumberwidth=\dimen143
\c@linenumber=\count183
\c@pagewiselinenumber=\count184
\c@LN@truepage=\count185
\c@internallinenumber=\count186
\c@internallinenumbers=\count187
\quotelinenumbersep=\dimen144
\bframerule=\dimen145
\bframesep=\dimen146
\bframebox=\box51
(/usr/local/texlive/2023/texmf-dist/tex/latex/etoolbox/etoolbox.sty
Package: etoolbox 2020/10/05 v2.5k e-TeX tools for LaTeX (JAW)
\etb@tempcnta=\count188
)
LaTeX Info: Redefining \\ on input line 3131.
) (/usr/local/texlive/2023/texmf-dist/tex/latex/tools/indentfirst.sty
Package: indentfirst 1995/11/23 v1.03 Indent first paragraph (DPC)
) (/usr/local/texlive/2023/texmf-dist/tex/latex/ragged2e/ragged2e.sty
Package: ragged2e 2023/02/25 v3.4 ragged2e Package
\CenteringLeftskip=\skip48
\RaggedLeftLeftskip=\skip49
\RaggedRightLeftskip=\skip50
\CenteringRightskip=\skip51
\RaggedLeftRightskip=\skip52
\RaggedRightRightskip=\skip53
\CenteringParfillskip=\skip54
\RaggedLeftParfillskip=\skip55
\RaggedRightParfillskip=\skip56
\JustifyingParfillskip=\skip57
\CenteringParindent=\skip58
\RaggedLeftParindent=\skip59
\RaggedRightParindent=\skip60
\JustifyingParindent=\skip61
) (/usr/local/texlive/2023/texmf-dist/tex/latex/graphics/rotating.sty
Package: rotating 2016/08/11 v2.16d rotated objects in LaTeX
(/usr/local/texlive/2023/texmf-dist/tex/latex/base/ifthen.sty
Package: ifthen 2022/04/13 v1.1d Standard LaTeX ifthen package (DPC)
)
\c@r@tfl@t=\count189
\rotFPtop=\skip62
\rotFPbot=\skip63
\rot@float@box=\box52
\rot@mess@toks=\toks18
)
\draftskip=\count190
\c@section=\count191
\c@subsection=\count192
\c@subsubsection=\count193
\c@paragraph=\count194
\c@subparagraph=\count195
\c@figure=\count196
\c@table=\count197
\abovecaptionskip=\skip64
\belowcaptionskip=\skip65
\c@appendnum=\count198
\bibindent=\dimen147
(/usr/local/texlive/2023/texmf-dist/tex/latex/apacite/apacite.sty
Package: apacite 2013/07/21 v6.03 APA citation
\c@BibCnt=\count199
\bibleftmargin=\skip66
\bibindent=\skip67
\bibparsep=\skip68
\bibitemsep=\skip69
\biblabelsep=\skip70
)) (/usr/local/texlive/2023/texmf-dist/tex/latex/amsmath/amsmath.sty
Package: amsmath 2022/04/08 v2.17n AMS math features
\@mathmargin=\skip71
For additional information on amsmath, use the `?' option.
(/usr/local/texlive/2023/texmf-dist/tex/latex/amsmath/amstext.sty
Package: amstext 2021/08/26 v2.01 AMS text
(/usr/local/texlive/2023/texmf-dist/tex/latex/amsmath/amsgen.sty
File: amsgen.sty 1999/11/30 v2.0 generic functions
\@emptytoks=\toks19
\ex@=\dimen148
)) (/usr/local/texlive/2023/texmf-dist/tex/latex/amsmath/amsbsy.sty
Package: amsbsy 1999/11/29 v1.2d Bold Symbols
\pmbraise@=\dimen149
) (/usr/local/texlive/2023/texmf-dist/tex/latex/amsmath/amsopn.sty
Package: amsopn 2022/04/08 v2.04 operator names
)
\inf@bad=\count266
LaTeX Info: Redefining \frac on input line 234.
\uproot@=\count267
\leftroot@=\count268
LaTeX Info: Redefining \overline on input line 399.
LaTeX Info: Redefining \colon on input line 410.
\classnum@=\count269
\DOTSCASE@=\count270
LaTeX Info: Redefining \ldots on input line 496.
LaTeX Info: Redefining \dots on input line 499.
LaTeX Info: Redefining \cdots on input line 620.
\Mathstrutbox@=\box53
\strutbox@=\box54
LaTeX Info: Redefining \big on input line 722.
LaTeX Info: Redefining \Big on input line 723.
LaTeX Info: Redefining \bigg on input line 724.
LaTeX Info: Redefining \Bigg on input line 725.
\big@size=\dimen150
LaTeX Font Info:    Redeclaring font encoding OML on input line 743.
LaTeX Font Info:    Redeclaring font encoding OMS on input line 744.
\macc@depth=\count271
LaTeX Info: Redefining \bmod on input line 905.
LaTeX Info: Redefining \pmod on input line 910.
LaTeX Info: Redefining \smash on input line 940.
LaTeX Info: Redefining \relbar on input line 970.
LaTeX Info: Redefining \Relbar on input line 971.
\c@MaxMatrixCols=\count272
\dotsspace@=\muskip17
\c@parentequation=\count273
\dspbrk@lvl=\count274
\tag@help=\toks20
\row@=\count275
\column@=\count276
\maxfields@=\count277
\andhelp@=\toks21
\eqnshift@=\dimen151
\alignsep@=\dimen152
\tagshift@=\dimen153
\tagwidth@=\dimen154
\totwidth@=\dimen155
\lineht@=\dimen156
\@envbody=\toks22
\multlinegap=\skip72
\multlinetaggap=\skip73
\mathdisplay@stack=\toks23
LaTeX Info: Redefining \[ on input line 2953.
LaTeX Info: Redefining \] on input line 2954.
)
\linenoamsmath@ams@eqpen=\count278
(/usr/local/texlive/2023/texmf-dist/tex/latex/amsfonts/amssymb.sty
Package: amssymb 2013/01/14 v3.01 AMS font symbols
(/usr/local/texlive/2023/texmf-dist/tex/latex/amsfonts/amsfonts.sty
Package: amsfonts 2013/01/14 v3.01 Basic AMSFonts support
\symAMSa=\mathgroup4
\symAMSb=\mathgroup5
LaTeX Font Info:    Redeclaring math symbol \hbar on input line 98.
LaTeX Font Info:    Overwriting math alphabet `\mathfrak' in version `bold'
(Font)                  U/euf/m/n --> U/euf/b/n on input line 106.
)) (/usr/local/texlive/2023/texmf-dist/tex/generic/iftex/iftex.sty
Package: iftex 2022/02/03 v1.0f TeX engine tests
) (/usr/local/texlive/2023/texmf-dist/tex/latex/unicode-math/unicode-math.sty (
/usr/local/texlive/2023/texmf-dist/tex/latex/l3kernel/expl3.sty
Package: expl3 2023-02-22 L3 programming layer (loader) 
(/usr/local/texlive/2023/texmf-dist/tex/latex/l3backend/l3backend-xetex.def
File: l3backend-xetex.def 2023-01-16 L3 backend support: XeTeX
\g__graphics_track_int=\count279
\l__pdf_internal_box=\box55
\g__pdf_backend_object_int=\count280
\g__pdf_backend_annotation_int=\count281
\g__pdf_backend_link_int=\count282
))
Package: unicode-math 2020/01/31 v0.8q Unicode maths in XeLaTeX and LuaLaTeX

(/usr/local/texlive/2023/texmf-dist/tex/latex/unicode-math/unicode-math-xetex.s
ty
Package: unicode-math-xetex 2020/01/31 v0.8q Unicode maths in XeLaTeX and LuaLa
TeX
(/usr/local/texlive/2023/texmf-dist/tex/latex/l3packages/xparse/xparse.sty
Package: xparse 2023-02-02 L3 Experimental document command parser
) (/usr/local/texlive/2023/texmf-dist/tex/latex/l3packages/l3keys2e/l3keys2e.st
y
Package: l3keys2e 2023-02-02 LaTeX2e option processing using LaTeX3 keys
) (/usr/local/texlive/2023/texmf-dist/tex/latex/fontspec/fontspec.sty
Package: fontspec 2022/01/15 v2.8a Font selection for XeLaTeX and LuaLaTeX
(/usr/local/texlive/2023/texmf-dist/tex/latex/fontspec/fontspec-xetex.sty
Package: fontspec-xetex 2022/01/15 v2.8a Font selection for XeLaTeX and LuaLaTe
X
\l__fontspec_script_int=\count283
\l__fontspec_language_int=\count284
\l__fontspec_strnum_int=\count285
\l__fontspec_tmp_int=\count286
\l__fontspec_tmpa_int=\count287
\l__fontspec_tmpb_int=\count288
\l__fontspec_tmpc_int=\count289
\l__fontspec_em_int=\count290
\l__fontspec_emdef_int=\count291
\l__fontspec_strong_int=\count292
\l__fontspec_strongdef_int=\count293
\l__fontspec_tmpa_dim=\dimen157
\l__fontspec_tmpb_dim=\dimen158
\l__fontspec_tmpc_dim=\dimen159
(/usr/local/texlive/2023/texmf-dist/tex/latex/base/fontenc.sty
Package: fontenc 2021/04/29 v2.0v Standard LaTeX package
) (/usr/local/texlive/2023/texmf-dist/tex/latex/fontspec/fontspec.cfg))) (/usr/
local/texlive/2023/texmf-dist/tex/latex/base/fix-cm.sty
Package: fix-cm 2020/11/24 v1.1t fixes to LaTeX
(/usr/local/texlive/2023/texmf-dist/tex/latex/base/ts1enc.def
File: ts1enc.def 2001/06/05 v3.0e (jk/car/fm) Standard LaTeX file
LaTeX Font Info:    Redeclaring font encoding TS1 on input line 47.
))
\g__um_fam_int=\count294
\g__um_fonts_used_int=\count295
\l__um_primecount_int=\count296
\g__um_primekern_muskip=\muskip18

(/usr/local/texlive/2023/texmf-dist/tex/latex/unicode-math/unicode-math-table.t
ex))) (/usr/local/texlive/2023/texmf-dist/tex/latex/lm/lmodern.sty
Package: lmodern 2015/05/01 v1.6.1 Latin Modern Fonts
LaTeX Font Info:    Overwriting symbol font `operators' in version `normal'
(Font)                  OT1/cmr/m/n --> OT1/lmr/m/n on input line 22.
LaTeX Font Info:    Overwriting symbol font `letters' in version `normal'
(Font)                  OML/cmm/m/it --> OML/lmm/m/it on input line 23.
LaTeX Font Info:    Overwriting symbol font `symbols' in version `normal'
(Font)                  OMS/cmsy/m/n --> OMS/lmsy/m/n on input line 24.
LaTeX Font Info:    Overwriting symbol font `largesymbols' in version `normal'
(Font)                  OMX/cmex/m/n --> OMX/lmex/m/n on input line 25.
LaTeX Font Info:    Overwriting symbol font `operators' in version `bold'
(Font)                  OT1/cmr/bx/n --> OT1/lmr/bx/n on input line 26.
LaTeX Font Info:    Overwriting symbol font `letters' in version `bold'
(Font)                  OML/cmm/b/it --> OML/lmm/b/it on input line 27.
LaTeX Font Info:    Overwriting symbol font `symbols' in version `bold'
(Font)                  OMS/cmsy/b/n --> OMS/lmsy/b/n on input line 28.
LaTeX Font Info:    Overwriting symbol font `largesymbols' in version `bold'
(Font)                  OMX/cmex/m/n --> OMX/lmex/m/n on input line 29.
LaTeX Font Info:    Overwriting math alphabet `\mathbf' in version `normal'
(Font)                  OT1/cmr/bx/n --> OT1/lmr/bx/n on input line 31.
LaTeX Font Info:    Overwriting math alphabet `\mathsf' in version `normal'
(Font)                  OT1/cmss/m/n --> OT1/lmss/m/n on input line 32.
LaTeX Font Info:    Overwriting math alphabet `\mathit' in version `normal'
(Font)                  OT1/cmr/m/it --> OT1/lmr/m/it on input line 33.
LaTeX Font Info:    Overwriting math alphabet `\mathtt' in version `normal'
(Font)                  OT1/cmtt/m/n --> OT1/lmtt/m/n on input line 34.
LaTeX Font Info:    Overwriting math alphabet `\mathbf' in version `bold'
(Font)                  OT1/cmr/bx/n --> OT1/lmr/bx/n on input line 35.
LaTeX Font Info:    Overwriting math alphabet `\mathsf' in version `bold'
(Font)                  OT1/cmss/bx/n --> OT1/lmss/bx/n on input line 36.
LaTeX Font Info:    Overwriting math alphabet `\mathit' in version `bold'
(Font)                  OT1/cmr/bx/it --> OT1/lmr/bx/it on input line 37.
LaTeX Font Info:    Overwriting math alphabet `\mathtt' in version `bold'
(Font)                  OT1/cmtt/m/n --> OT1/lmtt/m/n on input line 38.
) (/usr/local/texlive/2023/texmf-dist/tex/latex/upquote/upquote.sty
Package: upquote 2012/04/19 v1.3 upright-quote and grave-accent glyphs in verba
tim
(/usr/local/texlive/2023/texmf-dist/tex/latex/base/textcomp.sty
Package: textcomp 2020/02/02 v2.0n Standard LaTeX package
)) (/usr/local/texlive/2023/texmf-dist/tex/latex/microtype/microtype.sty
Package: microtype 2023/03/13 v3.1a Micro-typographical refinements (RS)
\MT@toks=\toks24
\MT@tempbox=\box56
\MT@count=\count297
LaTeX Info: Redefining \noprotrusionifhmode on input line 1059.
LaTeX Info: Redefining \leftprotrusion on input line 1060.
\MT@prot@toks=\toks25
LaTeX Info: Redefining \rightprotrusion on input line 1078.
LaTeX Info: Redefining \textls on input line 1368.
\MT@outer@kern=\dimen160
LaTeX Info: Redefining \textmicrotypecontext on input line 1988.
\MT@listname@count=\count298
(/usr/local/texlive/2023/texmf-dist/tex/latex/microtype/microtype-xetex.def
File: microtype-xetex.def 2023/03/13 v3.1a Definitions specific to xetex (RS)
LaTeX Info: Redefining \lsstyle on input line 238.
)
Package microtype Info: Loading configuration file microtype.cfg.
(/usr/local/texlive/2023/texmf-dist/tex/latex/microtype/microtype.cfg
File: microtype.cfg 2023/03/13 v3.1a microtype main configuration file (RS)
)) (/usr/local/texlive/2023/texmf-dist/tex/latex/parskip/parskip.sty
Package: parskip 2021-03-14 v2.0h non-zero parskip adjustments
(/usr/local/texlive/2023/texmf-dist/tex/latex/kvoptions/kvoptions.sty
Package: kvoptions 2022-06-15 v3.15 Key value format for package options (HO)
(/usr/local/texlive/2023/texmf-dist/tex/generic/ltxcmds/ltxcmds.sty
Package: ltxcmds 2020-05-10 v1.25 LaTeX kernel commands for general use (HO)
) (/usr/local/texlive/2023/texmf-dist/tex/latex/kvsetkeys/kvsetkeys.sty
Package: kvsetkeys 2022-10-05 v1.19 Key value parser (HO)
))) (/usr/local/texlive/2023/texmf-dist/tex/latex/tools/longtable.sty
Package: longtable 2021-09-01 v4.17 Multi-page Table package (DPC)
\LTleft=\skip74
\LTright=\skip75
\LTpre=\skip76
\LTpost=\skip77
\LTchunksize=\count299
\LTcapwidth=\dimen161
\LT@head=\box57
\LT@firsthead=\box58
\LT@foot=\box59
\LT@lastfoot=\box60
\LT@gbox=\box61
\LT@cols=\count300
\LT@rows=\count301
\c@LT@tables=\count302
\c@LT@chunks=\count303
\LT@p@ftn=\toks26
) (/usr/local/texlive/2023/texmf-dist/tex/latex/booktabs/booktabs.sty
Package: booktabs 2020/01/12 v1.61803398 Publication quality tables
\heavyrulewidth=\dimen162
\lightrulewidth=\dimen163
\cmidrulewidth=\dimen164
\belowrulesep=\dimen165
\belowbottomsep=\dimen166
\aboverulesep=\dimen167
\abovetopsep=\dimen168
\cmidrulesep=\dimen169
\cmidrulekern=\dimen170
\defaultaddspace=\dimen171
\@cmidla=\count304
\@cmidlb=\count305
\@aboverulesep=\dimen172
\@belowrulesep=\dimen173
\@thisruleclass=\count306
\@lastruleclass=\count307
\@thisrulewidth=\dimen174
) (/usr/local/texlive/2023/texmf-dist/tex/latex/tools/array.sty
Package: array 2022/09/04 v2.5g Tabular extension package (FMi)
\col@sep=\dimen175
\ar@mcellbox=\box62
\extrarowheight=\dimen176
\NC@list=\toks27
\extratabsurround=\skip78
\backup@length=\skip79
\ar@cellbox=\box63
) (/usr/local/texlive/2023/texmf-dist/tex/latex/tools/calc.sty
Package: calc 2017/05/25 v4.3 Infix arithmetic (KKT,FJ)
\calc@Acount=\count308
\calc@Bcount=\count309
\calc@Adimen=\dimen177
\calc@Bdimen=\dimen178
\calc@Askip=\skip80
\calc@Bskip=\skip81
LaTeX Info: Redefining \setlength on input line 80.
LaTeX Info: Redefining \addtolength on input line 81.
\calc@Ccount=\count310
\calc@Cskip=\skip82
) (/usr/local/texlive/2023/texmf-dist/tex/latex/footnotehyper/footnotehyper.sty
Package: footnotehyper 2021/08/13 v1.1e hyperref aware footnote.sty (JFB)
\FNH@notes=\box64
\FNH@width=\dimen179
\FNH@toks=\toks28
)
\cslhangindent=\skip83
\csllabelwidth=\skip84
(/usr/local/texlive/2023/texmf-dist/tex/latex/multirow/multirow.sty
Package: multirow 2021/03/15 v2.8 Span multiple rows of a table
\multirow@colwidth=\skip85
\multirow@cntb=\count311
\multirow@dima=\skip86
\bigstrutjot=\dimen180
) (/usr/local/texlive/2023/texmf-dist/tex/latex/wrapfig/wrapfig.sty
\wrapoverhang=\dimen181
\WF@size=\dimen182
\c@WF@wrappedlines=\count312
\WF@box=\box65
\WF@everypar=\toks29
Package: wrapfig 2003/01/31  v 3.6
) (/usr/local/texlive/2023/texmf-dist/tex/latex/float/float.sty
Package: float 2001/11/08 v1.3d Float enhancements (AL)
\c@float@type=\count313
\float@exts=\toks30
\float@box=\box66
\@float@everytoks=\toks31
\@floatcapt=\box67
) (/usr/local/texlive/2023/texmf-dist/tex/latex/colortbl/colortbl.sty
Package: colortbl 2022/06/20 v1.0f Color table columns (DPC)
\everycr=\toks32
\minrowclearance=\skip87
\rownum=\count314
) (/usr/local/texlive/2023/texmf-dist/tex/latex/pdflscape/pdflscape.sty
Package: pdflscape 2022-10-27 v0.13 Display of landscape pages in PDF

(/usr/local/texlive/2023/texmf-dist/tex/latex/pdflscape/pdflscape-nometadata.st
y
Package: pdflscape-nometadata 2022-10-28 v0.13 Display of landscape pages in PD
F (HO)
(/usr/local/texlive/2023/texmf-dist/tex/latex/graphics/lscape.sty
Package: lscape 2020/05/28 v3.02 Landscape Pages (DPC)
)
Package pdflscape Info: Auto-detected driver: dvipdfm (xetex) on input line 98.

)) (/usr/local/texlive/2023/texmf-dist/tex/latex/tabu/tabu.sty
Package: tabu 2019/01/11 v2.9 - flexible LaTeX tabulars (FC+tabu-fixed)
(/usr/local/texlive/2023/texmf-dist/tex/latex/varwidth/varwidth.sty
Package: varwidth 2009/03/30 ver 0.92;  Variable-width minipages
\@vwid@box=\box68
\sift@deathcycles=\count315
\@vwid@loff=\dimen183
\@vwid@roff=\dimen184
)
\c@taburow=\count316
\tabu@nbcols=\count317
\tabu@cnt=\count318
\tabu@Xcol=\count319
\tabu@alloc=\count320
\tabu@nested=\count321
\tabu@target=\dimen185
\tabu@spreadtarget=\dimen186
\tabu@naturalX=\dimen187
\tabucolX=\dimen188
\tabu@Xsum=\dimen189
\extrarowdepth=\dimen190
\abovetabulinesep=\dimen191
\belowtabulinesep=\dimen192
\tabustrutrule=\dimen193
\tabu@thebody=\toks33
\tabu@footnotes=\toks34
\tabu@box=\box69
\tabu@arstrutbox=\box70
\tabu@hleads=\box71
\tabu@vleads=\box72
\tabu@cellskip=\skip88
)
(/usr/local/texlive/2023/texmf-dist/tex/latex/threeparttable/threeparttable.sty
Package: threeparttable 2003/06/13  v 3.0
\@tempboxb=\box73
)
(/usr/local/texlive/2023/texmf-dist/tex/latex/threeparttablex/threeparttablex.s
ty
Package: threeparttablex 2013/07/23 v0.3 by daleif
(/usr/local/texlive/2023/texmf-dist/tex/latex/environ/environ.sty
Package: environ 2014/05/04 v0.3 A new way to define environments
(/usr/local/texlive/2023/texmf-dist/tex/latex/trimspaces/trimspaces.sty
Package: trimspaces 2009/09/17 v1.1 Trim spaces around a token list
))
\TPTL@width=\skip89
) (/usr/local/texlive/2023/texmf-dist/tex/generic/ulem/ulem.sty
\UL@box=\box74
\UL@hyphenbox=\box75
\UL@skip=\skip90
\UL@hook=\toks35
\UL@height=\dimen194
\UL@pe=\count322
\UL@pixel=\dimen195
\ULC@box=\box76
Package: ulem 2019/11/18
\ULdepth=\dimen196
) (/usr/local/texlive/2023/texmf-dist/tex/latex/makecell/makecell.sty
Package: makecell 2009/08/03 V0.1e Managing of Tab Column Heads and Cells
\rotheadsize=\dimen197
\c@nlinenum=\count323
\TeXr@lab=\toks36
) (./trackchanges.sty
Package: trackchanges 2009/04/22 v0.7.0 TrackChanges file 
(/usr/local/texlive/2023/texmf-dist/tex/generic/soul/soul.sty
Package: soul 2023-02-18 v3.0 Permit use of UTF-8 characters in soul (HO)
(/usr/local/texlive/2023/texmf-dist/tex/generic/soul/soul-ori.sty
Package: soul-ori 2023-02-18 v3.0 letterspacing/underlining (mf)
\SOUL@word=\toks37
\SOUL@lasttoken=\toks38
\SOUL@syllable=\toks39
\SOUL@cmds=\toks40
\SOUL@buffer=\toks41
\SOUL@token=\toks42
\SOUL@syllgoal=\dimen198
\SOUL@syllwidth=\dimen199
\SOUL@charkern=\dimen256
\SOUL@hyphkern=\dimen257
\SOUL@dimen=\dimen258
\SOUL@dimeni=\dimen259
\SOUL@minus=\count324
\SOUL@comma=\count325
\SOUL@apo=\count326
\SOUL@grave=\count327
\SOUL@spaceskip=\skip91
\SOUL@ttwidth=\dimen260
\SOUL@uldp=\dimen261
\SOUL@ulht=\dimen262
) (/usr/local/texlive/2023/texmf-dist/tex/generic/infwarerr/infwarerr.sty
Package: infwarerr 2019/12/03 v1.5 Providing info/warning/error messages (HO)
) (/usr/local/texlive/2023/texmf-dist/tex/generic/etexcmds/etexcmds.sty
Package: etexcmds 2019/12/15 v1.7 Avoid name clashes with e-TeX commands (HO)
)) (/usr/local/texlive/2023/texmf-dist/tex/latex/morefloats/morefloats.sty
Package: morefloats 2015/07/22 v1.0h Raise limit of unprocessed floats (HMM)
Package morefloats Info: Maximum number of possible floats asked for: 36
(morefloats)             (i.e. 18 more floats).
(morefloats)             LaTeX might run out of memory before this
(morefloats)             (in which case it will notify you).
)
\c@userid=\count328
\c@changenumber=\count329
\c@storefootnote=\count330
\c@numeditors=\count331
\c@maxeditors=\count332
) (/usr/local/texlive/2023/texmf-dist/tex/latex/caption/caption.sty
Package: caption 2023/03/12 v3.6j Customizing captions (AR)
(/usr/local/texlive/2023/texmf-dist/tex/latex/caption/caption3.sty
Package: caption3 2023/03/12 v2.4 caption3 kernel (AR)
\caption@tempdima=\dimen263
\captionmargin=\dimen264
\caption@leftmargin=\dimen265
\caption@rightmargin=\dimen266
\caption@width=\dimen267
\caption@indent=\dimen268
\caption@parindent=\dimen269
\caption@hangindent=\dimen270
Package caption Info: Unknown document class (or package),
(caption)             standard defaults will be used.
Package caption Info: \@makecaption = \long macro:#1#2->{\small \ifx \@captype 
\xfigure \vskip \abovecaptionskip \fi {\ifturnofflinenums \else \ifnumlines \in
ternallinenumbers \fi \fi \sbox \@tempboxa {\bf #1.\quad \rm #2}\ifdim \wd \@te
mpboxa >.9\hsize \bf #1.\quad \rm \relax #2\par \else {\centering \bf #1.\rm \q
uad #2 \vskip 1sp} \fi } \ifx \@captype \xfigure \else \vskip \belowcaptionskip
 \fi } on input line 1176.
)

Package caption Warning: Unknown document class (or package),
(caption)                standard defaults will be used.
See the caption package documentation for explanation.

\c@caption@flags=\count333
\c@continuedfloat=\count334
Package caption Info: float package is loaded.
Package caption Info: longtable package is loaded.
(/usr/local/texlive/2023/texmf-dist/tex/latex/caption/ltcaption.sty
Package: ltcaption 2021/01/08 v1.4c longtable captions (AR)
)
Package caption Info: rotating package is loaded.
Package caption Info: threeparttable package is loaded.
Package caption Info: wrapfig package is loaded.
)
\@float@every@codelisting=\toks43
\c@codelisting=\count335
(/usr/local/texlive/2023/texmf-dist/tex/latex/caption/subcaption.sty
Package: subcaption 2023/02/19 v1.6 Sub-captions (AR)
Package caption Info: New subtype `subfigure' on input line 239.
\c@subfigure=\count336
Package caption Info: New subtype `subtable' on input line 239.
\c@subtable=\count337
) (/usr/local/texlive/2023/texmf-dist/tex/latex/bookmark/bookmark.sty
Package: bookmark 2020-11-06 v1.29 PDF bookmarks (HO)
(/usr/local/texlive/2023/texmf-dist/tex/latex/hyperref/hyperref.sty
Package: hyperref 2023-02-07 v7.00v Hypertext links for LaTeX
(/usr/local/texlive/2023/texmf-dist/tex/generic/pdftexcmds/pdftexcmds.sty
Package: pdftexcmds 2020-06-27 v0.33 Utility functions of pdfTeX for LuaTeX (HO
)
Package pdftexcmds Info: \pdf@primitive is available.
Package pdftexcmds Info: \pdf@ifprimitive is available.
Package pdftexcmds Info: \pdfdraftmode not found.
) (/usr/local/texlive/2023/texmf-dist/tex/generic/kvdefinekeys/kvdefinekeys.sty
Package: kvdefinekeys 2019-12-19 v1.6 Define keys (HO)
) (/usr/local/texlive/2023/texmf-dist/tex/generic/pdfescape/pdfescape.sty
Package: pdfescape 2019/12/09 v1.15 Implements pdfTeX's escape features (HO)
) (/usr/local/texlive/2023/texmf-dist/tex/latex/hycolor/hycolor.sty
Package: hycolor 2020-01-27 v1.10 Color options for hyperref/bookmark (HO)
) (/usr/local/texlive/2023/texmf-dist/tex/latex/letltxmacro/letltxmacro.sty
Package: letltxmacro 2019/12/03 v1.6 Let assignment for LaTeX macros (HO)
) (/usr/local/texlive/2023/texmf-dist/tex/latex/auxhook/auxhook.sty
Package: auxhook 2019-12-17 v1.6 Hooks for auxiliary files (HO)
) (/usr/local/texlive/2023/texmf-dist/tex/latex/hyperref/nameref.sty
Package: nameref 2022-05-17 v2.50 Cross-referencing by name of section
(/usr/local/texlive/2023/texmf-dist/tex/latex/refcount/refcount.sty
Package: refcount 2019/12/15 v3.6 Data extraction from label references (HO)
)
(/usr/local/texlive/2023/texmf-dist/tex/generic/gettitlestring/gettitlestring.s
ty
Package: gettitlestring 2019/12/15 v1.6 Cleanup title references (HO)
)
\c@section@level=\count338
)
\@linkdim=\dimen271
\Hy@linkcounter=\count339
\Hy@pagecounter=\count340
(/usr/local/texlive/2023/texmf-dist/tex/latex/hyperref/pd1enc.def
File: pd1enc.def 2023-02-07 v7.00v Hyperref: PDFDocEncoding definition (HO)
) (/usr/local/texlive/2023/texmf-dist/tex/generic/intcalc/intcalc.sty
Package: intcalc 2019/12/15 v1.3 Expandable calculations with integers (HO)
)
\Hy@SavedSpaceFactor=\count341
(/usr/local/texlive/2023/texmf-dist/tex/latex/hyperref/puenc.def
File: puenc.def 2023-02-07 v7.00v Hyperref: PDF Unicode definition (HO)
)
Package hyperref Info: Option `unicode' set `true' on input line 4060.
Package hyperref Info: Hyper figures OFF on input line 4177.
Package hyperref Info: Link nesting OFF on input line 4182.
Package hyperref Info: Hyper index ON on input line 4185.
Package hyperref Info: Plain pages OFF on input line 4192.
Package hyperref Info: Backreferencing OFF on input line 4197.
Package hyperref Info: Implicit mode ON; LaTeX internals redefined.
Package hyperref Info: Bookmarks ON on input line 4425.
\c@Hy@tempcnt=\count342
LaTeX Info: Redefining \url on input line 4763.
\XeTeXLinkMargin=\dimen272
(/usr/local/texlive/2023/texmf-dist/tex/generic/bitset/bitset.sty
Package: bitset 2019/12/09 v1.3 Handle bit-vector datatype (HO)
(/usr/local/texlive/2023/texmf-dist/tex/generic/bigintcalc/bigintcalc.sty
Package: bigintcalc 2019/12/15 v1.5 Expandable calculations on big integers (HO
)
))
\Fld@menulength=\count343
\Field@Width=\dimen273
\Fld@charsize=\dimen274
Package hyperref Info: Hyper figures OFF on input line 6042.
Package hyperref Info: Link nesting OFF on input line 6047.
Package hyperref Info: Hyper index ON on input line 6050.
Package hyperref Info: backreferencing OFF on input line 6057.
Package hyperref Info: Link coloring OFF on input line 6062.
Package hyperref Info: Link coloring with OCG OFF on input line 6067.
Package hyperref Info: PDF/A mode OFF on input line 6072.
(/usr/local/texlive/2023/texmf-dist/tex/latex/base/atbegshi-ltx.sty
Package: atbegshi-ltx 2021/01/10 v1.0c Emulation of the original atbegshi
package with kernel methods
)
\Hy@abspage=\count344
\c@Item=\count345
\c@Hfootnote=\count346
)
Package hyperref Info: Driver (autodetected): hxetex.
(/usr/local/texlive/2023/texmf-dist/tex/latex/hyperref/hxetex.def
File: hxetex.def 2023-02-07 v7.00v Hyperref driver for XeTeX
(/usr/local/texlive/2023/texmf-dist/tex/generic/stringenc/stringenc.sty
Package: stringenc 2019/11/29 v1.12 Convert strings between diff. encodings (HO
)
)
\pdfm@box=\box77
\c@Hy@AnnotLevel=\count347
\HyField@AnnotCount=\count348
\Fld@listcount=\count349
\c@bookmark@seq@number=\count350

(/usr/local/texlive/2023/texmf-dist/tex/latex/rerunfilecheck/rerunfilecheck.sty
Package: rerunfilecheck 2022-07-10 v1.10 Rerun checks for auxiliary files (HO)
(/usr/local/texlive/2023/texmf-dist/tex/latex/base/atveryend-ltx.sty
Package: atveryend-ltx 2020/08/19 v1.0a Emulation of the original atveryend pac
kage
with kernel methods
)
(/usr/local/texlive/2023/texmf-dist/tex/generic/uniquecounter/uniquecounter.sty
Package: uniquecounter 2019/12/15 v1.4 Provide unlimited unique counter (HO)
)
Package uniquecounter Info: New unique counter `rerunfilecheck' on input line 2
85.
)
\Hy@SectionHShift=\skip92
) (/usr/local/texlive/2023/texmf-dist/tex/latex/bookmark/bkm-dvipdfm.def
File: bkm-dvipdfm.def 2020-11-06 v1.29 bookmark driver for dvipdfm (HO)
\BKM@id=\count351
)) (/usr/local/texlive/2023/texmf-dist/tex/latex/xurl/xurl.sty
Package: xurl 2022/01/09 v 0.10 modify URL breaks
)
Package hyperref Info: Option `colorlinks' set `true' on input line 188.
No file index.aux.
\openout1 = `index.aux'.

LaTeX Font Info:    Checking defaults for OML/cmm/m/it on input line 194.
LaTeX Font Info:    ... okay on input line 194.
LaTeX Font Info:    Checking defaults for OMS/cmsy/m/n on input line 194.
LaTeX Font Info:    ... okay on input line 194.
LaTeX Font Info:    Checking defaults for OT1/cmr/m/n on input line 194.
LaTeX Font Info:    ... okay on input line 194.
LaTeX Font Info:    Checking defaults for T1/cmr/m/n on input line 194.
LaTeX Font Info:    ... okay on input line 194.
LaTeX Font Info:    Checking defaults for TS1/cmr/m/n on input line 194.
LaTeX Font Info:    ... okay on input line 194.
LaTeX Font Info:    Checking defaults for TU/lmr/m/n on input line 194.
LaTeX Font Info:    ... okay on input line 194.
LaTeX Font Info:    Checking defaults for OMX/cmex/m/n on input line 194.
LaTeX Font Info:    ... okay on input line 194.
LaTeX Font Info:    Checking defaults for U/cmr/m/n on input line 194.
LaTeX Font Info:    ... okay on input line 194.
LaTeX Font Info:    Checking defaults for PD1/pdf/m/n on input line 194.
LaTeX Font Info:    ... okay on input line 194.
LaTeX Font Info:    Checking defaults for PU/pdf/m/n on input line 194.
LaTeX Font Info:    ... okay on input line 194.
\c@maskedRefs=\count352
(/usr/local/texlive/2023/texmf-dist/tex/latex/apacite/english.apc
File: english.apc 2013/07/21 v6.03 apacite language file
LaTeX Info: Redefining \BPBI on input line 129.
LaTeX Info: Redefining \BHBI on input line 130.
)
LaTeX Font Info:    Overwriting math alphabet `\mathrm' in version `normal'
(Font)                  OT1/lmr/m/n --> TU/lmr/m/n on input line 194.
LaTeX Font Info:    Overwriting math alphabet `\mathit' in version `normal'
(Font)                  OT1/lmr/m/it --> TU/lmr/m/it on input line 194.
LaTeX Font Info:    Overwriting math alphabet `\mathbf' in version `normal'
(Font)                  OT1/lmr/bx/n --> TU/lmr/bx/n on input line 194.
LaTeX Font Info:    Overwriting math alphabet `\mathsf' in version `normal'
(Font)                  OT1/lmss/m/n --> TU/lmss/m/n on input line 194.
LaTeX Font Info:    Overwriting math alphabet `\mathsf' in version `bold'
(Font)                  OT1/lmss/bx/n --> TU/lmss/bx/n on input line 194.
LaTeX Font Info:    Overwriting math alphabet `\mathtt' in version `normal'
(Font)                  OT1/lmtt/m/n --> TU/lmtt/m/n on input line 194.
LaTeX Font Info:    Overwriting math alphabet `\mathtt' in version `bold'
(Font)                  OT1/lmtt/m/n --> TU/lmtt/bx/n on input line 194.

Package fontspec Info: latinmodern-math scale = 0.9999964596882403.


Package fontspec Info: latinmodern-math scale = 0.9999964596882403.


Package fontspec Info: latinmodern-math scale = 0.9999964596882403.


Package fontspec Info: Font family 'latinmodern-math.otf(0)' created for font
(fontspec)             'latinmodern-math.otf' with options
(fontspec)             [Scale=MatchLowercase,BoldItalicFont={},ItalicFont={},Sm
allCapsFont={},Script=Math,BoldFont={latinmodern-math.otf}].
(fontspec)              
(fontspec)              This font family consists of the following NFSS
(fontspec)             series/shapes:
(fontspec)              
(fontspec)             - 'normal' (m/n) with NFSS spec.:
(fontspec)             <->s*[0.9999964596882403]"[latinmodern-math.otf]/OT:scri
pt=math;language=dflt;"
(fontspec)             - 'small caps'  (m/sc) with NFSS spec.: 
(fontspec)             - 'bold' (b/n) with NFSS spec.:
(fontspec)             <->s*[0.9999964596882403]"[latinmodern-math.otf]/OT:scri
pt=math;language=dflt;"
(fontspec)             - 'bold small caps'  (b/sc) with NFSS spec.: 

LaTeX Font Info:    Font shape `TU/latinmodern-math.otf(0)/m/n' will be
(Font)              scaled to size 10.0pt on input line 194.

Package fontspec Info: latinmodern-math scale = 0.9999964596882403.


Package fontspec Info: latinmodern-math scale = 0.9999964596882403.


Package fontspec Info: latinmodern-math scale = 0.9999964596882403.


Package fontspec Info: latinmodern-math scale = 0.9999964596882403.


Package fontspec Info: latinmodern-math scale = 0.9999964596882403.


Package fontspec Info: Font family 'latinmodern-math.otf(1)' created for font
(fontspec)             'latinmodern-math.otf' with options
(fontspec)             [Scale=MatchLowercase,BoldItalicFont={},ItalicFont={},Sm
allCapsFont={},Script=Math,SizeFeatures={{Size=8.5-},{Size=6-8.5,Font=latinmode
rn-math.otf,Style=MathScript},{Size=-6,Font=latinmodern-math.otf,Style=MathScri
ptScript}},BoldFont={latinmodern-math.otf}].
(fontspec)              
(fontspec)              This font family consists of the following NFSS
(fontspec)             series/shapes:
(fontspec)              
(fontspec)             - 'normal' (m/n) with NFSS spec.:
(fontspec)             <8.5->s*[0.9999964596882403]"[latinmodern-math.otf]/OT:s
cript=math;language=dflt;"<6-8.5>s*[0.9999964596882403]"[latinmodern-math.otf]/
OT:script=math;language=dflt;+ssty=0;"<-6>s*[0.9999964596882403]"[latinmodern-m
ath.otf]/OT:script=math;language=dflt;+ssty=1;"
(fontspec)             - 'small caps'  (m/sc) with NFSS spec.: 
(fontspec)             - 'bold' (b/n) with NFSS spec.:
(fontspec)             <->s*[0.9999964596882403]"[latinmodern-math.otf]/OT:scri
pt=math;language=dflt;"
(fontspec)             - 'bold small caps'  (b/sc) with NFSS spec.: 

LaTeX Font Info:    Font shape `TU/latinmodern-math.otf(1)/m/n' will be
(Font)              scaled to size 10.0pt on input line 194.
LaTeX Font Info:    Encoding `OT1' has changed to `TU' for symbol font
(Font)              `operators' in the math version `normal' on input line 194.

LaTeX Font Info:    Overwriting symbol font `operators' in version `normal'
(Font)                  OT1/lmr/m/n --> TU/latinmodern-math.otf(1)/m/n on input
 line 194.
LaTeX Font Info:    Encoding `OT1' has changed to `TU' for symbol font
(Font)              `operators' in the math version `bold' on input line 194.
LaTeX Font Info:    Overwriting symbol font `operators' in version `bold'
(Font)                  OT1/lmr/bx/n --> TU/latinmodern-math.otf(1)/b/n on inpu
t line 194.

Package fontspec Info: latinmodern-math scale = 0.9999964596882403.


Package fontspec Info: latinmodern-math scale = 1.000096459334209.


Package fontspec Info: latinmodern-math scale = 0.9999964596882403.


Package fontspec Info: latinmodern-math scale = 1.000096459334209.


Package fontspec Info: latinmodern-math scale = 0.9999964596882403.


Package fontspec Info: latinmodern-math scale = 1.000096459334209.


Package fontspec Info: latinmodern-math scale = 0.9999964596882403.


Package fontspec Info: latinmodern-math scale = 1.000096459334209.


Package fontspec Info: latinmodern-math scale = 0.9999964596882403.


Package fontspec Info: latinmodern-math scale = 1.000096459334209.


Package fontspec Info: Font family 'latinmodern-math.otf(2)' created for font
(fontspec)             'latinmodern-math.otf' with options
(fontspec)             [Scale=MatchLowercase,BoldItalicFont={},ItalicFont={},Sm
allCapsFont={},Script=Math,SizeFeatures={{Size=8.5-},{Size=6-8.5,Font=latinmode
rn-math.otf,Style=MathScript},{Size=-6,Font=latinmodern-math.otf,Style=MathScri
ptScript}},BoldFont={latinmodern-math.otf},ScaleAgain=1.0001,FontAdjustment={\f
ontdimen
(fontspec)             8\font =6.77pt\relax \fontdimen 9\font =3.94pt\relax
(fontspec)             \fontdimen 10\font =4.44pt\relax \fontdimen 11\font
(fontspec)             =6.86pt\relax \fontdimen 12\font =3.45pt\relax
(fontspec)             \fontdimen 13\font =3.63pt\relax \fontdimen 14\font
(fontspec)             =3.63pt\relax \fontdimen 15\font =2.89pt\relax
(fontspec)             \fontdimen 16\font =2.47pt\relax \fontdimen 17\font
(fontspec)             =2.47pt\relax \fontdimen 18\font =2.5pt\relax
(fontspec)             \fontdimen 19\font =2.0pt\relax \fontdimen 22\font
(fontspec)             =2.5pt\relax \fontdimen 20\font =0pt\relax \fontdimen
(fontspec)             21\font =0pt\relax }].
(fontspec)              
(fontspec)              This font family consists of the following NFSS
(fontspec)             series/shapes:
(fontspec)              
(fontspec)             - 'normal' (m/n) with NFSS spec.:
(fontspec)             <8.5->s*[1.000096459334209]"[latinmodern-math.otf]/OT:sc
ript=math;language=dflt;"<6-8.5>s*[1.000096459334209]"[latinmodern-math.otf]/OT
:script=math;language=dflt;+ssty=0;"<-6>s*[1.000096459334209]"[latinmodern-math
.otf]/OT:script=math;language=dflt;+ssty=1;"
(fontspec)             - 'small caps'  (m/sc) with NFSS spec.: 
(fontspec)             and font adjustment code:
(fontspec)             \fontdimen 8\font =6.77pt\relax \fontdimen 9\font
(fontspec)             =3.94pt\relax \fontdimen 10\font =4.44pt\relax
(fontspec)             \fontdimen 11\font =6.86pt\relax \fontdimen 12\font
(fontspec)             =3.45pt\relax \fontdimen 13\font =3.63pt\relax
(fontspec)             \fontdimen 14\font =3.63pt\relax \fontdimen 15\font
(fontspec)             =2.89pt\relax \fontdimen 16\font =2.47pt\relax
(fontspec)             \fontdimen 17\font =2.47pt\relax \fontdimen 18\font
(fontspec)             =2.5pt\relax \fontdimen 19\font =2.0pt\relax \fontdimen
(fontspec)             22\font =2.5pt\relax \fontdimen 20\font =0pt\relax
(fontspec)             \fontdimen 21\font =0pt\relax 
(fontspec)             - 'bold' (b/n) with NFSS spec.:
(fontspec)             <->s*[1.000096459334209]"[latinmodern-math.otf]/OT:scrip
t=math;language=dflt;"
(fontspec)             - 'bold small caps'  (b/sc) with NFSS spec.: 
(fontspec)             and font adjustment code:
(fontspec)             \fontdimen 8\font =6.77pt\relax \fontdimen 9\font
(fontspec)             =3.94pt\relax \fontdimen 10\font =4.44pt\relax
(fontspec)             \fontdimen 11\font =6.86pt\relax \fontdimen 12\font
(fontspec)             =3.45pt\relax \fontdimen 13\font =3.63pt\relax
(fontspec)             \fontdimen 14\font =3.63pt\relax \fontdimen 15\font
(fontspec)             =2.89pt\relax \fontdimen 16\font =2.47pt\relax
(fontspec)             \fontdimen 17\font =2.47pt\relax \fontdimen 18\font
(fontspec)             =2.5pt\relax \fontdimen 19\font =2.0pt\relax \fontdimen
(fontspec)             22\font =2.5pt\relax \fontdimen 20\font =0pt\relax
(fontspec)             \fontdimen 21\font =0pt\relax 

LaTeX Font Info:    Encoding `OMS' has changed to `TU' for symbol font
(Font)              `symbols' in the math version `normal' on input line 194.
LaTeX Font Info:    Overwriting symbol font `symbols' in version `normal'
(Font)                  OMS/lmsy/m/n --> TU/latinmodern-math.otf(2)/m/n on inpu
t line 194.
LaTeX Font Info:    Encoding `OMS' has changed to `TU' for symbol font
(Font)              `symbols' in the math version `bold' on input line 194.
LaTeX Font Info:    Overwriting symbol font `symbols' in version `bold'
(Font)                  OMS/lmsy/b/n --> TU/latinmodern-math.otf(2)/b/n on inpu
t line 194.

Package fontspec Info: latinmodern-math scale = 0.9999964596882403.


Package fontspec Info: latinmodern-math scale = 0.9998964600422715.


Package fontspec Info: latinmodern-math scale = 0.9999964596882403.


Package fontspec Info: latinmodern-math scale = 0.9998964600422715.


Package fontspec Info: latinmodern-math scale = 0.9999964596882403.


Package fontspec Info: latinmodern-math scale = 0.9998964600422715.


Package fontspec Info: latinmodern-math scale = 0.9999964596882403.


Package fontspec Info: latinmodern-math scale = 0.9998964600422715.


Package fontspec Info: latinmodern-math scale = 0.9999964596882403.


Package fontspec Info: latinmodern-math scale = 0.9998964600422715.


Package fontspec Info: Font family 'latinmodern-math.otf(3)' created for font
(fontspec)             'latinmodern-math.otf' with options
(fontspec)             [Scale=MatchLowercase,BoldItalicFont={},ItalicFont={},Sm
allCapsFont={},Script=Math,SizeFeatures={{Size=8.5-},{Size=6-8.5,Font=latinmode
rn-math.otf,Style=MathScript},{Size=-6,Font=latinmodern-math.otf,Style=MathScri
ptScript}},BoldFont={latinmodern-math.otf},ScaleAgain=0.9999,FontAdjustment={\f
ontdimen
(fontspec)             8\font =0.4pt\relax \fontdimen 9\font =2.0pt\relax
(fontspec)             \fontdimen 10\font =1.67pt\relax \fontdimen 11\font
(fontspec)             =1.11pt\relax \fontdimen 12\font =6.0pt\relax
(fontspec)             \fontdimen 13\font =0pt\relax }].
(fontspec)              
(fontspec)              This font family consists of the following NFSS
(fontspec)             series/shapes:
(fontspec)              
(fontspec)             - 'normal' (m/n) with NFSS spec.:
(fontspec)             <8.5->s*[0.9998964600422715]"[latinmodern-math.otf]/OT:s
cript=math;language=dflt;"<6-8.5>s*[0.9998964600422715]"[latinmodern-math.otf]/
OT:script=math;language=dflt;+ssty=0;"<-6>s*[0.9998964600422715]"[latinmodern-m
ath.otf]/OT:script=math;language=dflt;+ssty=1;"
(fontspec)             - 'small caps'  (m/sc) with NFSS spec.: 
(fontspec)             and font adjustment code:
(fontspec)             \fontdimen 8\font =0.4pt\relax \fontdimen 9\font
(fontspec)             =2.0pt\relax \fontdimen 10\font =1.67pt\relax
(fontspec)             \fontdimen 11\font =1.11pt\relax \fontdimen 12\font
(fontspec)             =6.0pt\relax \fontdimen 13\font =0pt\relax 
(fontspec)             - 'bold' (b/n) with NFSS spec.:
(fontspec)             <->s*[0.9998964600422715]"[latinmodern-math.otf]/OT:scri
pt=math;language=dflt;"
(fontspec)             - 'bold small caps'  (b/sc) with NFSS spec.: 
(fontspec)             and font adjustment code:
(fontspec)             \fontdimen 8\font =0.4pt\relax \fontdimen 9\font
(fontspec)             =2.0pt\relax \fontdimen 10\font =1.67pt\relax
(fontspec)             \fontdimen 11\font =1.11pt\relax \fontdimen 12\font
(fontspec)             =6.0pt\relax \fontdimen 13\font =0pt\relax 

LaTeX Font Info:    Encoding `OMX' has changed to `TU' for symbol font
(Font)              `largesymbols' in the math version `normal' on input line 1
94.
LaTeX Font Info:    Overwriting symbol font `largesymbols' in version `normal'
(Font)                  OMX/lmex/m/n --> TU/latinmodern-math.otf(3)/m/n on inpu
t line 194.
LaTeX Font Info:    Encoding `OMX' has changed to `TU' for symbol font
(Font)              `largesymbols' in the math version `bold' on input line 194
.
LaTeX Font Info:    Overwriting symbol font `largesymbols' in version `bold'
(Font)                  OMX/lmex/m/n --> TU/latinmodern-math.otf(3)/b/n on inpu
t line 194.
LaTeX Info: Redefining \microtypecontext on input line 194.
Package microtype Info: Applying patch `item' on input line 194.
Package microtype Info: Applying patch `toc' on input line 194.
Package microtype Info: Applying patch `eqnum' on input line 194.
Package microtype Info: Applying patch `footnote' on input line 194.
Package microtype Info: Applying patch `verbatim' on input line 194.
Package microtype Info: Character protrusion enabled (level 2).
Package microtype Info: Using protrusion set `basicmath'.
Package microtype Info: No adjustment of tracking.
Package microtype Info: No adjustment of spacing.
Package microtype Info: No adjustment of kerning.

(/usr/local/texlive/2023/texmf-dist/tex/latex/microtype/mt-LatinModernRoman.cfg
File: mt-LatinModernRoman.cfg 2021/02/21 v1.1 microtype config. file: Latin Mod
ern Roman (RS)
)

Package trackchanges Warning: TrackChanges is not compatable with the 
(trackchanges)                'ulem' package.
(trackchanges)                Use the 'soul' package instead.

Package caption Info: Begin \AtBeginDocument code.
Package caption Info: hyperref package is loaded.
Package caption Info: End \AtBeginDocument code.

Package hyperref Warning: Height of page (\paperheight) is invalid (0.0pt),
(hyperref)                using 11in.

Package hyperref Info: Link coloring ON on input line 194.

Package hyperref Warning: Rerun to get /PageLabels entry.

[1]
Underfull \hbox (badness 10000) in paragraph at lines 203--217
\TU/lmr/m/n/10 This study outlines a methodological framework for joint modelin
g of Disability- 
 []


Underfull \hbox (badness 10000) in paragraph at lines 203--217
\TU/lmr/m/n/10 and Quality-Adjusted Life Year outcomes. Our primary focus is on
 how transition 
 []


Underfull \hbox (badness 10000) in paragraph at lines 203--217
\TU/lmr/m/n/10 matrices and state occupancy payoffs in discrete-time Markov coh
ort models can be 
 []


Underfull \hbox (badness 10000) in paragraph at lines 203--217
\TU/lmr/m/n/10 structured to calculate years of life lost to disability (YLD) a
nd years of life lost to 
 []


Underfull \hbox (badness 10000) in paragraph at lines 203--217
\TU/lmr/m/n/10 premature death (YLL), in addition to quality-adjusted life year
 (QALY) outcomes. 
 []


Underfull \hbox (badness 10000) in paragraph at lines 203--217
\TU/lmr/m/n/10 We also demonstrate how our modeling framework extends directly 
to microsimu- 
 []


Underfull \hbox (badness 10000) in paragraph at lines 203--217
\TU/lmr/m/n/10 lation and (in part) to continuous time discrete event simulatio
n (DES) models. In 
 []


Underfull \hbox (badness 10000) in paragraph at lines 203--217
\TU/lmr/m/n/10 a tutorial application, we use our joint modeling framework to c
onstruct a discrete 
 []


Underfull \hbox (badness 10000) in paragraph at lines 203--217
\TU/lmr/m/n/10 time Markov cohort natural history model for cardiovascular dise
ase that estimates 
 []


Underfull \hbox (badness 10000) in paragraph at lines 203--217
\TU/lmr/m/n/10 DALY and QALY outcomes for any country, region, or setting repre
sented in the 
 []

LaTeX Font Info:    Font shape `TU/latinmodern-math.otf(1)/m/n' will be
(Font)              scaled to size 7.0pt on input line 219.
LaTeX Font Info:    Font shape `TU/latinmodern-math.otf(1)/m/n' will be
(Font)              scaled to size 5.0pt on input line 219.
LaTeX Font Info:    Trying to load font information for OML+lmm on input line 2
19.
(/usr/local/texlive/2023/texmf-dist/tex/latex/lm/omllmm.fd
File: omllmm.fd 2015/05/01 v1.6.1 Font defs for Latin Modern
)
LaTeX Font Info:    Font shape `TU/latinmodern-math.otf(2)/m/n' will be
(Font)              scaled to size 10.00092pt on input line 219.
LaTeX Font Info:    Font shape `TU/latinmodern-math.otf(2)/m/n' will be
(Font)              scaled to size 7.00064pt on input line 219.
LaTeX Font Info:    Font shape `TU/latinmodern-math.otf(2)/m/n' will be
(Font)              scaled to size 5.00046pt on input line 219.
LaTeX Font Info:    Font shape `TU/latinmodern-math.otf(3)/m/n' will be
(Font)              scaled to size 9.99893pt on input line 219.
LaTeX Font Info:    Font shape `TU/latinmodern-math.otf(3)/m/n' will be
(Font)              scaled to size 6.99925pt on input line 219.
LaTeX Font Info:    Font shape `TU/latinmodern-math.otf(3)/m/n' will be
(Font)              scaled to size 4.99947pt on input line 219.
LaTeX Font Info:    Trying to load font information for U+msa on input line 219
.
(/usr/local/texlive/2023/texmf-dist/tex/latex/amsfonts/umsa.fd
File: umsa.fd 2013/01/14 v3.01 AMS symbols A
) (/usr/local/texlive/2023/texmf-dist/tex/latex/microtype/mt-msa.cfg
File: mt-msa.cfg 2006/02/04 v1.1 microtype config. file: AMS symbols (a) (RS)
)
LaTeX Font Info:    Trying to load font information for U+msb on input line 219
.
(/usr/local/texlive/2023/texmf-dist/tex/latex/amsfonts/umsb.fd
File: umsb.fd 2013/01/14 v3.01 AMS symbols B
) (/usr/local/texlive/2023/texmf-dist/tex/latex/microtype/mt-msb.cfg
File: mt-msb.cfg 2005/06/01 v1.0 microtype config. file: AMS symbols (b) (RS)
)
Underfull \hbox (badness 10000) in paragraph at lines 230--236
[]\TU/lmr/m/n/10 Disability-adjusted life years (DALYs) measure disease burden 
in a population. 
 []


Underfull \hbox (badness 10000) in paragraph at lines 230--236
\TU/lmr/m/n/10 Conceptualized in the Global Burden of Disease (GBD) study (C. J
. Murray & 
 []


Underfull \hbox (badness 10000) in paragraph at lines 230--236
\TU/lmr/m/n/10 Lopez, 1997), DALYs quantify the total sum of years of life lost
 due to disability 
 []


Underfull \hbox (badness 10000) in paragraph at lines 230--236
\TU/lmr/m/n/10 attributable to a disease (YLD), plus years of life lost to prem
ature mortality from 
 []

LaTeX Font Info:    Font shape `TU/latinmodern-math.otf(1)/m/n' will be
(Font)              scaled to size 8.0pt on input line 246.
LaTeX Font Info:    Font shape `TU/latinmodern-math.otf(1)/m/n' will be
(Font)              scaled to size 6.0pt on input line 246.
LaTeX Font Info:    Font shape `TU/latinmodern-math.otf(2)/m/n' will be
(Font)              scaled to size 8.00073pt on input line 246.
LaTeX Font Info:    Font shape `TU/latinmodern-math.otf(2)/m/n' will be
(Font)              scaled to size 6.00055pt on input line 246.
LaTeX Font Info:    Font shape `TU/latinmodern-math.otf(3)/m/n' will be
(Font)              scaled to size 7.99915pt on input line 246.
LaTeX Font Info:    Font shape `TU/latinmodern-math.otf(3)/m/n' will be
(Font)              scaled to size 5.99936pt on input line 246.

Underfull \hbox (badness 10000) in paragraph at lines 246--246
| [][][]\TU/lmr/m/n/8 The adoption of DALYs over other common health outcomes i
n health economics (e.g., quality-
 []


Underfull \hbox (badness 10000) in paragraph at lines 246--246
\TU/lmr/m/n/8 adjusted life years, or QALYs) stems from several practical and t
heoretical considerations. See Feng et
 []


Underfull \hbox (badness 10000) in paragraph at lines 237--247
[]\TU/lmr/m/n/10 In addition to their role in describing levels and trends in d
isease burdens worldwide, 
 []


Underfull \hbox (badness 10000) in paragraph at lines 237--247
\TU/lmr/m/n/10 DALYs are a primary health outcome in evaluations of health inte
rventions in low- 
 []


Underfull \hbox (badness 10000) in paragraph at lines 237--247
\TU/lmr/m/n/10 and middle-income countries (LMICs). In these settings, resource
 allocation deci- 
 []


Underfull \hbox (badness 10000) in paragraph at lines 237--247
\TU/lmr/m/n/10 sions are guided by modeled assessments of the incremental costs
 per DALY averted 
 []


Underfull \hbox (badness 10000) in paragraph at lines 260--260
| [][][]\TU/lmr/m/n/8 In contrast, QALYs are calculated based on utility weight
s derived from general and patient surveys.
 []


Underfull \hbox (badness 10000) in paragraph at lines 248--264
[]\TU/lmr/m/n/10 Despite the prominent role of DALYs in global health policy, s
cant methodological 
 []


Underfull \hbox (badness 10000) in paragraph at lines 248--264
\TU/lmr/m/n/10 guidance is available for adapting and/or structuring decision a
nalytic models for 
 []


Underfull \hbox (badness 10000) in paragraph at lines 248--264
\TU/lmr/m/n/10 DALY outcomes. This methodological gap has its roots in health e
conomics edu- 
 []


Underfull \hbox (badness 10000) in paragraph at lines 248--264
\TU/lmr/m/n/10 cation, where textbooks and training exercises focus almost excl
usively on Quality- 
 []


Underfull \hbox (badness 10000) in paragraph at lines 248--264
\TU/lmr/m/n/10 Adjusted Life Year (QALY) outcomesthe primary health outcome us
ed for health 
 []


Underfull \hbox (badness 10000) in paragraph at lines 248--264
\TU/lmr/m/n/10 technology assessments (HTAs) and policy decisionmaking in high-
income countries 
 []


Underfull \hbox (badness 10000) in paragraph at lines 248--264
\TU/lmr/m/n/10 (HICs). DALYs differ from QALYs in important and model-relevant 
respects, in- 
 []


Underfull \hbox (badness 10000) in paragraph at lines 248--264
\TU/lmr/m/n/10 cluding the use of reference life tables to calculate YLLs and s
tandardized disability 
 []


Underfull \hbox (badness 10000) in paragraph at lines 248--264
\TU/lmr/m/n/10 weights to calculate YLDs.[][][][][] To the extent DALY-specific
 modeling considerations 
 []


Underfull \hbox (badness 10000) in paragraph at lines 248--264
\TU/lmr/m/n/10 are taught, they are often considered in isolation and without a
 firm methodological 
 []


Underfull \hbox (badness 10000) in paragraph at lines 265--274
[]\TU/lmr/m/n/10 As a consequence, and in practice, health economic application
s often resort to 
 []


Underfull \hbox (badness 10000) in paragraph at lines 265--274
\TU/lmr/m/n/10 shortcuts and other hacks for calculating DALYs. For example, 
practitioners may 
 []


Underfull \hbox (badness 10000) in paragraph at lines 265--274
\TU/lmr/m/n/10 simply estimate a QALY-like DALY that is based on a diseased s
tate occupancy 
 []


Underfull \hbox (badness 10000) in paragraph at lines 265--274
\TU/lmr/m/n/10 payoff of one minus the disability weight. Other approaches defi
ne a diseased-state 
 []


Underfull \hbox (badness 10000) in paragraph at lines 265--274
\TU/lmr/m/n/10 payoff using the disability weight as an estimate of YLDs, and a
ccumulate person- 
 []


Underfull \hbox (badness 10000) in paragraph at lines 265--274
\TU/lmr/m/n/10 years in an absorbing death state (due to disease) as an estimat
e of YLLs. As this 
 []


Underfull \hbox (badness 10000) in paragraph at lines 265--274
\TU/lmr/m/n/10 study will show, these shortcuts do not provide an accurate repr
esentation of DALY 
 []

[2]
Underfull \hbox (badness 10000) in paragraph at lines 275--282
[]\TU/lmr/m/n/10 This tutorial outlines a framework for direct incorporation of
 DALY outcomes in 
 []


Underfull \hbox (badness 10000) in paragraph at lines 275--282
\TU/lmr/m/n/10 common decision modeling environments. Our primary focus is on d
iscrete-time 
 []


Underfull \hbox (badness 10000) in paragraph at lines 275--282
\TU/lmr/m/n/10 Markov cohort modelshowever, our framework extends directly to 
microsimulation 
 []


Underfull \hbox (badness 10000) in paragraph at lines 275--282
\TU/lmr/m/n/10 and is also easily adapted for continuous time discrete event si
mulation (DES) mod- 
 []


Underfull \hbox (badness 10000) in paragraph at lines 275--282
\TU/lmr/m/n/10 els. As such, our study provides a comprehensive roadmap for inc
orporating DALY 
 []


Underfull \hbox (badness 10000) in paragraph at lines 283--292
[]\TU/lmr/m/n/10 To maintain consistency within the literature, our tutorial bu
ilds on an existing 
 []


Underfull \hbox (badness 10000) in paragraph at lines 283--292
\TU/lmr/m/n/10 didactic disease progression model (Alarid-Escudero et al., 2023
). The underlying 
 []


Underfull \hbox (badness 10000) in paragraph at lines 283--292
\TU/lmr/m/n/10 discrete time Markov cohort model is time homogeneousthat is, t
ransition proba- 
 []


Underfull \hbox (badness 10000) in paragraph at lines 283--292
\TU/lmr/m/n/10 bilities do not vary as a function of age/time in model. However
, the methods and 
 []


Underfull \hbox (badness 10000) in paragraph at lines 283--292
\TU/lmr/m/n/10 code provided are easily adapted for time inhomogenous models. F
inally, recogniz- 
 []


Underfull \hbox (badness 10000) in paragraph at lines 283--292
\TU/lmr/m/n/10 ing the wide spectrum of experience and programming comfort leve
l among those 
 []


Underfull \hbox (badness 10000) in paragraph at lines 283--292
\TU/lmr/m/n/10 constructing DALY-based models, we provide replication materials
 for implementing 
 []


Underfull \hbox (badness 10000) in paragraph at lines 295--301
[]\TU/lmr/m/n/10 DALYs are calculated from two components. First, conditions ar
e assigned disability 
 []


Underfull \hbox (badness 10000) in paragraph at lines 295--301
\TU/lmr/m/n/10 weights ($[]$) ranging from zero to one, with zero representing 
the absence of the con- 
 []


Underfull \hbox (badness 10000) in paragraph at lines 295--301
\TU/lmr/m/n/10 dition and one representing the highest burden a condition can i
nflict, equivocal to 
 []


Underfull \hbox (badness 10000) in paragraph at lines 295--301
\TU/lmr/m/n/10 death. Years lost to disability (YLD) is defined as the disabili
ty weight multiplied by 
 []


Underfull \hbox (badness 10000) in paragraph at lines 306--309
[]\TU/lmr/m/n/10 The impact of disease on mortality is quantified using years o
f life lost to disease 
 []


Underfull \hbox (badness 10000) in paragraph at lines 306--309
\TU/lmr/m/n/10 (YLL), which is based on remaining life expectancy $[][][][][]$ 
at the age of premature 
 []


Underfull \hbox (badness 10000) in paragraph at lines 320--327
[]\TU/lmr/m/n/10 In the original GBD study, age-weighting and time discounting 
practices were ap- 
 []


Underfull \hbox (badness 10000) in paragraph at lines 320--327
\TU/lmr/m/n/10 plied to DALY calculations (C. J. Murray & Lopez, 1997). These m
ethods respec- 
 []


Underfull \hbox (badness 10000) in paragraph at lines 320--327
\TU/lmr/m/n/10 tively weighted the burden of illness more during adulthood than
 early childhood 
 []


Underfull \hbox (badness 10000) in paragraph at lines 320--327
\TU/lmr/m/n/10 and old age, and valued present health over future years of illn
ess by discounting 
 []


Underfull \hbox (badness 10000) in paragraph at lines 320--327
\TU/lmr/m/n/10 YLD and YLL measures by 3% per year. From 2010 onwards, both pra
ctices were 
 []


Underfull \hbox (badness 10000) in paragraph at lines 342--342
| [][][]\TU/lmr/m/n/8 Practitioners who do not wish to discount DALY outcomes c
an simply set the annual discount rate
 []


Underfull \hbox (badness 10000) in paragraph at lines 342--342
[]$ \TU/lmr/m/n/8 to zero. In addition, our approach differentiates from common
 practice in the use of a continuous-time
 []


Underfull \hbox (badness 6188) in paragraph at lines 342--342
\TU/lmr/m/n/8 discount factor (i.e., $[][][] [] [][][]$), rather than a discret
e-time discount factor (i.e., $[][][][] [] [][][]$). We do so
 []


Underfull \hbox (badness 10000) in paragraph at lines 342--342
\TU/lmr/m/n/8 to maintain consistency with the original GBD equationsthough an
 approach based on discrete-time
 []


Underfull \hbox (badness 10000) in paragraph at lines 328--343
[]\TU/lmr/m/n/10 While the GBD no longer uses age and time discounting for the 
purposes of doc- 
 []


Underfull \hbox (badness 10000) in paragraph at lines 328--343
\TU/lmr/m/n/10 umenting disease burdens worldwide, the World Health Organizatio
ns Choosing 
 []


Underfull \hbox (badness 10000) in paragraph at lines 328--343
\TU/lmr/m/n/10 Interventions that are Cost-Effective (WHO-CHOICE) program recom
mends con- 
 []


Underfull \hbox (badness 10000) in paragraph at lines 328--343
\TU/lmr/m/n/10 sideration of time discounting of health outcomes (Bertram et al
., 2021; C. J. L. 
 []


Underfull \hbox (badness 10000) in paragraph at lines 328--343
\TU/lmr/m/n/10 Murray et al., 2020). We therefore adopt the WHO-CHOICE recommen
dation and 
 []

[3]
Underfull \hbox (badness 10000) in paragraph at lines 360--364
[]\TU/lmr/m/n/10 While the creation of the DALY measure was an important step i
n global health 
 []


Underfull \hbox (badness 10000) in paragraph at lines 360--364
\TU/lmr/m/n/10 research, it has received scrutiny due to its inherent assumptio
ns and value judge- 
 []


Underfull \hbox (badness 10000) in paragraph at lines 360--364
\TU/lmr/m/n/10 ments. For example, calculating YLLs requires the use of a refer
ence life table that 
 []


Underfull \hbox (badness 10000) in paragraph at lines 367--378
[]\TU/lmr/m/n/10 This tutorial builds on an existing progressive disease model 
in which healthy in- 
 []


Underfull \hbox (badness 10000) in paragraph at lines 367--378
\TU/lmr/m/n/10 dividuals develop a disease with two health states (Sick and 
Sicker) (Alarid- 
 []


Underfull \hbox (badness 10000) in paragraph at lines 367--378
\TU/lmr/m/n/10 Escudero et al., 2023). Individuals can also transition to an ab
sorbing death state 
 []


Underfull \hbox (badness 10000) in paragraph at lines 367--378
\TU/lmr/m/n/10 due to causes unrelated to the disease (i.e., background morta
lity), or due to 
 []


Underfull \hbox (badness 10000) in paragraph at lines 367--378
\TU/lmr/m/n/10 disease-specific causes. In addition, the model structure is hom
ogeneous (i.e., tran- 
 []


Underfull \hbox (badness 10000) in paragraph at lines 367--378
\TU/lmr/m/n/10 sition rates do not vary as a function of time). This is a simpl
ification to distill 
 []


Underfull \hbox (badness 10000) in paragraph at lines 367--378
\TU/lmr/m/n/10 model complexity down to only those components needed to demonst
rate our DALY 
 []


Underfull \hbox (badness 10000) in paragraph at lines 367--378
\TU/lmr/m/n/10 approach; our replication code is structured in such a way as to
 easily incorporate 
 []


Underfull \hbox (badness 10000) in paragraph at lines 387--390
[]\TU/lmr/bx/n/10 Strategy A\TU/lmr/m/n/10 , which improves the quality of life
 among individuals with the 
 []


Underfull \hbox (badness 10000) in paragraph at lines 390--393
[]\TU/lmr/bx/n/10 Strategy B\TU/lmr/m/n/10 , which reduces the rate of progress
ion from Sick to Sicker by 
 []


LaTeX Warning: Reference `fig-model1' on page 4 undefined on input line 397.


Underfull \hbox (badness 10000) in paragraph at lines 397--401
[]\TU/lmr/m/n/10 A state transition diagram is shown in Figure []. In the figur
e, nodes are health 
 []


Underfull \hbox (badness 10000) in paragraph at lines 397--401
\TU/lmr/m/n/10 states and edges depict possible transitions among them. Edge la
bels are defined in 
 []


Underfull \hbox (badness 10000) in paragraph at lines 397--401
\TU/lmr/m/n/10 terms of transition intensities (rates). Other key model paramet
ers are summarized 
 []

File: index_files/mediabag/images/state-transition-diagram-1.pdf Graphic file (
type pdf)
<use index_files/mediabag/images/state-transition-diagram-1.pdf>

LaTeX Warning: Reference `fig-model1' on page 4 undefined on input line 427.


Underfull \hbox (badness 10000) in paragraph at lines 425--432
[]\TU/lmr/m/n/10 With the model parameterized, our next step is to define the m
atrices that govern 
 []


Underfull \hbox (badness 10000) in paragraph at lines 425--432
\TU/lmr/m/n/10 health state transitions. The state transition diagram represent
ed in Figure [] is 
 []


Underfull \hbox (badness 10000) in paragraph at lines 425--432
\TU/lmr/m/n/10 not well-suited to calculate DALY outcomes, however. A primary r
eason is that the 
 []


Underfull \hbox (badness 10000) in paragraph at lines 425--432
\TU/lmr/m/n/10 death transitions reflect transitions due to all causes of death
. To calculate YLLs, 
 []


Underfull \hbox (badness 10000) in paragraph at lines 433--435
[]\TU/lmr/m/n/10 To accommodate this need and to accurately model DALY outcomes
, several options 
 []


LaTeX Warning: Reference `fig-modelDS' on page 4 undefined on input line 440.


Underfull \hbox (badness 10000) in paragraph at lines 448--448
| [][][]\TU/lmr/m/n/8 In this example, disease-specific death rates are goveren
ed by a hazard ratio applied to the background
 []


Underfull \hbox (badness 10000) in paragraph at lines 448--448
\TU/lmr/m/n/8 mortality rate. Because we are operating on the rate scale, we ca
n separate out disease-related deaths
 []


Underfull \hbox (badness 10000) in paragraph at lines 448--448
\TU/lmr/m/n/8 from other-cause mortality by simply taking a difference in the r
ates. Other applications for prevalent
 []


Underfull \hbox (badness 10000) in paragraph at lines 448--448
\TU/lmr/m/n/8 conditions with high death rates, however, may require us to cons
truct a cause-deleted life table to obtain
 []


Underfull \hbox (badness 10000) in paragraph at lines 439--452
[]\TU/lmr/m/n/10 Re-define the health states to include a separate cause-specif
ic death state as 
 []


Underfull \hbox (badness 10000) in paragraph at lines 439--452
\TU/lmr/m/n/10 depicted in Figure [].[][][][][] We can then draw on the resulti
ng Markov trace and 
 []


Underfull \hbox (badness 10000) in paragraph at lines 439--452
\TU/lmr/m/n/10 use changes in the number of cause-specific deaths in each cycle
 to calculate 
 []

[4]

LaTeX Warning: Reference `fig-model1' on page 5 undefined on input line 454.


Underfull \hbox (badness 10000) in paragraph at lines 452--460
[]\TU/lmr/m/n/10 Include a non-Markovian transition state for cause-specific de
aths in the 
 []


Underfull \hbox (badness 10000) in paragraph at lines 452--460
\TU/lmr/m/n/10 transition matrix. This approach will maintain the Markovian com
ponents 
 []


Underfull \hbox (badness 10000) in paragraph at lines 452--460
\TU/lmr/m/n/10 captured in Figure [], but will allow us to add a column to the 
Markov trace 
 []


Underfull \hbox (badness 10000) in paragraph at lines 452--460
\TU/lmr/m/n/10 that separately tracks the number of new deaths from the disease
 in each 
 []


Underfull \hbox (badness 10000) in paragraph at lines 452--460
\TU/lmr/m/n/10 cycle. We can then apply transition state payoffs (based on rema
ining life 
 []


Underfull \hbox (badness 10000) in paragraph at lines 460--465
[]\TU/lmr/m/n/10 Define a block matrix Markov chain with rewards for occupancy 
(YLDs) and 
 []


Underfull \hbox (badness 10000) in paragraph at lines 460--465
\TU/lmr/m/n/10 disease-relatd death transitions (YLLs) by adapting the methods 
in Caswell 
 []


Underfull \hbox (badness 10000) in paragraph at lines 460--465
\TU/lmr/m/n/10 & van Daalen (2021) and Caswell & Zarulli (2018). This approach 
draws 
 []


Underfull \hbox (badness 10000) in paragraph at lines 460--465
\TU/lmr/m/n/10 on matrix calculus and solves for expected outcomes as well as h
igher order 
 []


Underfull \hbox (badness 10000) in paragraph at lines 467--473
[]\TU/lmr/m/n/10 Each of the above approaches facilitate the design and executi
on of a decision- 
 []


Underfull \hbox (badness 10000) in paragraph at lines 467--473
\TU/lmr/m/n/10 analytic model that accomodates any number or types of outcomes 
(e.g., QALYs, 
 []


Underfull \hbox (badness 10000) in paragraph at lines 467--473
\TU/lmr/m/n/10 DALYs, life-years, etc.). In practice, approaches (1) and (2) dr
aw on similar transi- 
 []


Underfull \hbox (badness 10000) in paragraph at lines 467--473
\TU/lmr/m/n/10 tion matrices and payoff vectors, as we will show immediately be
low. Approach (3) 
 []


Underfull \hbox (badness 10000) in paragraph at lines 467--473
\TU/lmr/m/n/10 is quite distinct, however, so we will demonstrate this method s
eparately in Section 
 []

[5]

LaTeX Warning: Reference `fig-modelDS' on page 6 undefined on input line 480.


Underfull \hbox (badness 10000) in paragraph at lines 477--481
[]\TU/lmr/m/n/10 Under this approach, we separate out deaths from disease vs. o
ther causes by defin- 
 []


Underfull \hbox (badness 10000) in paragraph at lines 477--481
\TU/lmr/m/n/10 ing a separate health state for cause-specific mortality; an upd
ated state transition 
 []

File: index_files/mediabag/images/state-transition-diagram-2.pdf Graphic file (
type pdf)
<use index_files/mediabag/images/state-transition-diagram-2.pdf>

Underfull \hbox (badness 10000) in paragraph at lines 491--491
[]\TU/lmr/m/n/10 Figure  2: |[]State transition diagram for progressive disease
 model with separate cause-
 []


Underfull \hbox (badness 10000) in paragraph at lines 495--498
[]\TU/lmr/m/n/10 Transitions among health states are defined in terms of contin
uous rates (intensi- 
 []

File: images/Q_model2.png Graphic file (type bmp)
<images/Q_model2.png>

Underfull \hbox (badness 10000) in paragraph at lines 509--516
[]\TU/lmr/m/n/10 Cell values in row $[]$, column $[]$ of $[]$ capture the (cont
inuous time) transition rate 
 []


Underfull \hbox (badness 10000) in paragraph at lines 509--516
\TU/lmr/m/n/10 from health state $[]$ to health state $[]$. $[]$ has diagonal e
lements defined as the neg- 
 []


Underfull \hbox (badness 10000) in paragraph at lines 509--516
\TU/lmr/m/n/10 ative sum of the off-diagonal row values (i.e., the row sums of 
$[]$ are zero). This 
 []


Underfull \hbox (badness 10000) in paragraph at lines 509--516
\TU/lmr/m/n/10 ensures that the Markov model is closedthat is, the total coh
ort size neither 
 []


Underfull \hbox (badness 10000) in paragraph at lines 526--526
| [][][]\TU/lmr/m/n/8 In Markov theory, $[]$ is called the discrete skeleton 
of the continuous model (Iosifescu, 1980). The
 []


Underfull \hbox (badness 10000) in paragraph at lines 526--526
\TU/lmr/m/n/8 conversion formula used to calculate $[]$ is the matrix analogue 
to the standard rate-to-probability formula
 []


Underfull \hbox (badness 10000) in paragraph at lines 517--527
[]\TU/lmr/m/n/10 We next embed the continuous transition intensity matrix into 
a discrete time tran- 
 []


Underfull \hbox (badness 10000) in paragraph at lines 517--527
\TU/lmr/m/n/10 sition probability matrix by taking the matrix exponential of $[
]$ for a defined time 
 []


Underfull \vbox (badness 2635) has occurred while \output is active []

[6]
Underfull \hbox (badness 10000) in paragraph at lines 532--534
[]\TU/lmr/m/n/10 This results in a transition probability matrix with the follo
wing probabilities de- 
 []

File: images/P_model2.png Graphic file (type bmp)
<images/P_model2.png>

Underfull \hbox (badness 10000) in paragraph at lines 545--550
[]\TU/lmr/m/n/10 Embedding the transition probability matrix using the matrix e
xponential en- 
 []


Underfull \hbox (badness 10000) in paragraph at lines 545--550
\TU/lmr/m/n/10 sures that the resulting transition probabilities capture the un
derlying continuous 
 []


Underfull \hbox (badness 10000) in paragraph at lines 545--550
\TU/lmr/m/n/10 time disease process. In particular, $[]$ will capture the proba
bility of compound 
 []


Underfull \hbox (badness 10000) in paragraph at lines 573--573
| [][][]\TU/lmr/m/n/8 Because we embed the transition probability matrix using 
matrix exponentiation, rather than through
 []


Underfull \hbox (badness 10000) in paragraph at lines 573--573
\TU/lmr/m/n/8 pairwise application of rate-to-probability formulas to each tran
sition type, our results will differ from
 []


Underfull \hbox (badness 10000) in paragraph at lines 573--573
\TU/lmr/m/n/8 those in Alarid-Escudero et al. (2023)even though we use identic
al input parameters. Application of
 []


Underfull \hbox (badness 10000) in paragraph at lines 573--573
\TU/lmr/m/n/8 standard rate-to-probability formulas in health states with compe
ting risks (i.e., the possibility of transi-
 []


Underfull \hbox (badness 10000) in paragraph at lines 573--573
\TU/lmr/m/n/8 tioning to more than one other health state in a given cycle) wil
l ignore the possibility of compound tran-
 []


Underfull \hbox (badness 10000) in paragraph at lines 573--573
\TU/lmr/m/n/8 sitions within a single cycle. Though not (yet) widely used in he
alth economics, embedding the transition
 []


Underfull \hbox (badness 10000) in paragraph at lines 573--573
\TU/lmr/m/n/8 probability matrix using the matrix exponential is the technicall
y correct way to construct a transition
 []


Underfull \hbox (badness 10000) in paragraph at lines 551--574
[]\TU/lmr/m/n/10 For example, in the continuous time rate matrix $[]$ above, th
ere is a zero-valued 
 []


Underfull \hbox (badness 10000) in paragraph at lines 551--574
\TU/lmr/m/n/10 rate defined for progressions from Healthy (H) to Disease-relate
d death (DS), since 
 []


Underfull \hbox (badness 10000) in paragraph at lines 551--574
\TU/lmr/m/n/10 individuals must first become ill before they can die from disea
se-related causes. 
 []


Underfull \hbox (badness 10000) in paragraph at lines 551--574
\TU/lmr/m/n/10 However, after embedding, the matrix $[]$ has a non-zero cycle t
ransition probability 
 []


Underfull \hbox (badness 10000) in paragraph at lines 551--574
\TU/lmr/m/n/10 from Healthy (H) to Disease-related death (DS) (i.e., $[]$). Thi
s value captures 
 []


Underfull \hbox (badness 10000) in paragraph at lines 551--574
\TU/lmr/m/n/10 the probability of a compound or jumpover transition from Heal
thy and through 
 []


Underfull \hbox (badness 10000) in paragraph at lines 551--574
\TU/lmr/m/n/10 the Sick and/or Sicker state to death from disease-related cause
s within the same 
 []


Underfull \hbox (badness 10000) in paragraph at lines 551--574
\TU/lmr/m/n/10 discrete time cycle; see Graves et al. (2021) for further discus
sion, and Iosifescu 
 []


Underfull \hbox (badness 10000) in paragraph at lines 578--583
[]\TU/lmr/m/n/10 This section will outline an approach similar to Approach 1, b
ut that draws on a 
 []


Underfull \hbox (badness 10000) in paragraph at lines 578--583
\TU/lmr/m/n/10 non-Markovian transition state that tracks the number of disea
se-related deaths 
 []


Underfull \hbox (badness 10000) in paragraph at lines 578--583
\TU/lmr/m/n/10 in each cycle; these counts will be used later to match the age 
of the cohort at each 
 []

[7]

LaTeX Warning: Reference `fig-model1' on page 8 undefined on input line 585.


Underfull \hbox (badness 10000) in paragraph at lines 598--598
| [][][]\TU/lmr/m/n/8 Tracking states also allow for accurate bookeeping for ot
her outcomes such as costs. For example, if
 []


Underfull \hbox (badness 10000) in paragraph at lines 598--598
\TU/lmr/m/n/8 developing the disease incurs a one-time diagnosis or treatment c
ost, the compound transitions implied
 []


Underfull \hbox (badness 10000) in paragraph at lines 598--598
\TU/lmr/m/n/8 by the embedded transition probability matrix indicate that some 
individuals will transiently enter (and
 []


Underfull \hbox (badness 10000) in paragraph at lines 598--598
\TU/lmr/m/n/8 then exit) the Sick state in a single cycle. When calculating cos
ts, practitioners may want to include a
 []


Underfull \hbox (badness 10000) in paragraph at lines 598--598
\TU/lmr/m/n/8 tracking state for the Sick state to be sure to capture these one
-time costs, which would be masked if cost
 []


Underfull \hbox (badness 10000) in paragraph at lines 598--598
\TU/lmr/m/n/8 payoffs are simply multiplied by state occupancy at the end of ea
ch cycle (e.g., costs for individuals with a
 []


Underfull \hbox (badness 10000) in paragraph at lines 584--602
[]\TU/lmr/m/n/10 Under this approach, we maintain the overall structure as depi
cted in the origi- 
 []


Underfull \hbox (badness 10000) in paragraph at lines 584--602
\TU/lmr/m/n/10 nal model (Figure []), but augment the transition probability ma
trix with non- 
 []


Underfull \hbox (badness 10000) in paragraph at lines 584--602
\TU/lmr/m/n/10 Markovian components to facilitate accounting of disease-related
 deaths.[][][][][] Approach 
 []


Underfull \hbox (badness 10000) in paragraph at lines 584--602
\TU/lmr/m/n/10 2 offers a more generalized method that allows practitioners to 
accurately account 
 []


Underfull \hbox (badness 10000) in paragraph at lines 584--602
\TU/lmr/m/n/10 for costs and/or health payoffs (such as YLLs) that are defined 
by \TU/lmr/m/it/10 transitions \TU/lmr/m/n/10 among 
 []


LaTeX Warning: Reference `fig-transition' on page 8 undefined on input line 603
.


Underfull \hbox (badness 10000) in paragraph at lines 603--607
[]\TU/lmr/m/n/10 Figure [] shows a state transition diagram with the tracking s
tate added. The track- 
 []


Underfull \hbox (badness 10000) in paragraph at lines 603--607
\TU/lmr/m/n/10 ing state (shown as red nodes) simply records transitions as coh
ort members move 
 []


Underfull \hbox (badness 10000) in paragraph at lines 603--607
\TU/lmr/m/n/10 from either diseased state to the absorbing death state due to c
auses related to the 
 []

File: index_files/mediabag/images/state-transition-diagram-3.pdf Graphic file (
type pdf)
<use index_files/mediabag/images/state-transition-diagram-3.pdf>

Underfull \hbox (badness 10000) in paragraph at lines 629--629
| [][][]\TU/lmr/m/n/8 More generally, accumulator and transition states can be 
defined for any number of transition types,
 []


Underfull \hbox (badness 10000) in paragraph at lines 629--629
\TU/lmr/m/n/8 as they are useful for capturing one-time costs in the model, or 
for for calculating other decision-relevant
 []


Underfull \hbox (badness 10000) in paragraph at lines 629--629
\TU/lmr/m/n/8 outcomes such as the total number of people who developed the dis
ease or died from the disease as sec-
 []


Underfull \hbox (badness 10000) in paragraph at lines 621--632
[]\TU/lmr/m/n/10 In general, tracking states can either count the total number 
of transitions that 
 []


Underfull \hbox (badness 10000) in paragraph at lines 621--632
\TU/lmr/m/n/10 have occurred up to a given cycle (i.e., an accumulator state)
, or can track the 
 []


Underfull \hbox (badness 10000) in paragraph at lines 621--632
\TU/lmr/m/n/10 total number of new transitions that occur within a single cycle
 (i.e., a transition 
 []


Underfull \hbox (badness 10000) in paragraph at lines 621--632
\TU/lmr/m/n/10 state).[][][][][] To calculate YLL outcomes we will add a transi
tion state that records the 
 []


Underfull \hbox (badness 10000) in paragraph at lines 633--637
[]\TU/lmr/m/n/10 To implement Approach 2, we add a transition state row and col
umn to the tran- 
 []


Underfull \hbox (badness 10000) in paragraph at lines 633--637
\TU/lmr/m/n/10 sition intensity matrix. This transition state, called $[]$, is 
included in the aug- 
 []

[8]
File: images/Q_model1.png Graphic file (type bmp)
<images/Q_model1.png>

Underfull \hbox (badness 10000) in paragraph at lines 648--658
[]\TU/lmr/m/n/10 Two aspects of $[]$ are worth highlighting. First, $[]$ is div
ided into a Markovian sub- 
 []


Underfull \hbox (badness 10000) in paragraph at lines 648--658
\TU/lmr/m/n/10 matrix and the non-Markovian tracking row and column. This divis
ion is made 
 []


Underfull \hbox (badness 10000) in paragraph at lines 648--658
\TU/lmr/m/n/10 apparent using dotted vertical and horizontal lines. Critically,
 the Markovian sub- 
 []


Underfull \hbox (badness 10000) in paragraph at lines 648--658
\TU/lmr/m/n/10 matrix remains closedthat is, the diagonal elements remain unch
anged so that 
 []


Underfull \hbox (badness 10000) in paragraph at lines 648--658
\TU/lmr/m/n/10 the row sums of the submatrix remain zero, even after the additi
on of the tracking 
 []


Underfull \hbox (badness 10000) in paragraph at lines 648--658
\TU/lmr/m/n/10 column along the edges of $[]$. This ensures that the Markovia
n submatrix can be 
 []


Underfull \hbox (badness 10000) in paragraph at lines 648--658
\TU/lmr/m/n/10 used to calculate state occupancy for a closed cohort that neith
er gains nor loses 
 []


Underfull \hbox (badness 10000) in paragraph at lines 659--665
[]\TU/lmr/m/n/10 Second, two transition intensitiesfrom the S1 (Sick) and S2 (
Sicker) states to 
 []


Underfull \hbox (badness 10000) in paragraph at lines 659--665
\TU/lmr/m/n/10 Deathappear in the tracking column. This ensures that $[]$ will
 track 
 []


Underfull \hbox (badness 10000) in paragraph at lines 659--665
\TU/lmr/m/n/10 all relevant transitions to death due to the disease. Because we
 are operating on the 
 []


Underfull \hbox (badness 10000) in paragraph at lines 659--665
\TU/lmr/m/n/10 rate scale, we can net out non-disease related deaths as capture
d by the background 
 []


LaTeX Warning: Reference `eq-embed' on page 9 undefined on input line 667.


Underfull \hbox (badness 10000) in paragraph at lines 689--689
| [][][]\TU/lmr/m/n/8 To build on the example of compound jumpover transition
s above, suppose an individual starts
 []


Underfull \hbox (badness 10000) in paragraph at lines 689--689
\TU/lmr/m/n/8 off healthy in a cycle, then rapidly transitions through the Sick
 and Sicker state and dies due to disease-
 []


Underfull \hbox (badness 10000) in paragraph at lines 689--689
\TU/lmr/m/n/8 related causes within the same cycle. If there is some treatment 
cost associated with being in the Sicker
 []


Underfull \hbox (badness 10000) in paragraph at lines 689--689
\TU/lmr/m/n/8 state, a traditional approach that applies cost payoffs to state 
occupancy at the (beginning) end of the
 []


Underfull \hbox (badness 10000) in paragraph at lines 689--689
\TU/lmr/m/n/8 cycle would miss treatment costs for this individual because they
 \TU/lmr/m/it/8 transition \TU/lmr/m/n/8 through the Sicker state,
 []


Underfull \hbox (badness 10000) in paragraph at lines 689--689
\TU/lmr/m/n/8 but never occupy it at the beginning or end of a cycle. Adding a 
non-Markovian transition state to the
 []


Underfull \hbox (badness 10000) in paragraph at lines 689--689
\TU/lmr/m/n/8 model facilitates more accurate bookkeeping because the transitio
n state would pick up on this transition
 []


Underfull \hbox (badness 10000) in paragraph at lines 666--690
[]\TU/lmr/m/n/10 As above, we obtain the transition probability matrix by embed
ding $[]$ into the dis- 
 []


Underfull \hbox (badness 10000) in paragraph at lines 666--690
\TU/lmr/m/n/10 crete time step (Equation []). However, the resulting transition
 probability matrix 
 []


Underfull \hbox (badness 10000) in paragraph at lines 666--690
\TU/lmr/m/n/10 treats $[]$ as an absorbing state (i.e., individuals are retaine
d in the $[]$ with 
 []


Underfull \hbox (badness 10000) in paragraph at lines 666--690
\TU/lmr/m/n/10 probability one). Using the terminology introduced above, this a
bsorbing state could 
 []


Underfull \hbox (badness 10000) in paragraph at lines 666--690
\TU/lmr/m/n/10 serve as an \TU/lmr/bx/n/10 accumulator \TU/lmr/m/n/10 state tha
t (in the constructed Markov trace) records the 
 []


Underfull \hbox (badness 10000) in paragraph at lines 666--690
\TU/lmr/m/n/10 total number of people who have died from the disease up to any 
given cycle. This 
 []


Underfull \hbox (badness 10000) in paragraph at lines 666--690
\TU/lmr/m/n/10 may be a decision-relevant health outcome to consider on its own
; indeed, so long as 
 []


Underfull \hbox (badness 10000) in paragraph at lines 666--690
\TU/lmr/m/n/10 the Markovian submatrix remains closed, there is no limit to the
 number of accumu- 
 []


Underfull \hbox (badness 10000) in paragraph at lines 691--695
[]\TU/lmr/m/n/10 To change $[]$ to a \TU/lmr/bx/n/10 transition \TU/lmr/m/n/10 
state, we simply replace the absorbing probability 
 []


Underfull \hbox (badness 10000) in paragraph at lines 691--695
\TU/lmr/m/n/10 of one in the cell $[][][] [][]$ with a zero. This cell-level ch
ange is highlighted in 
 []

File: images/P_model1.png Graphic file (type bmp)
<images/P_model1.png>
[9]
Underfull \hbox (badness 10000) in paragraph at lines 713--722
[]\TU/lmr/m/n/10 With $[]$ defined under either Approach 1 or Approach 2, we no
w have the necessary 
 []


Underfull \hbox (badness 10000) in paragraph at lines 713--722
\TU/lmr/m/n/10 ingredients to construct a Markov trace. Define $[][]$ as the in
itial state occupancy 
 []


Underfull \hbox (badness 10000) in paragraph at lines 713--722
\TU/lmr/m/n/10 captured in the $[] [] []$ matrix $[]$ (including transition sta
tes, if using Approach 2). 
 []


Underfull \hbox (badness 10000) in paragraph at lines 713--722
\TU/lmr/m/n/10 This vector summarizes the number or fraction of the population 
in each health 
 []


Underfull \hbox (badness 10000) in paragraph at lines 713--722
\TU/lmr/m/n/10 state at baseline. Often, this vector will be set such that the 
entire cohort starts off 
 []


Underfull \hbox (badness 10000) in paragraph at lines 723--725
[]\TU/lmr/m/n/10 For a time-homogenous model such as considered here, health st
ate occupancy at 
 []


Underfull \hbox (badness 10000) in paragraph at lines 730--736
[]\TU/lmr/m/n/10 For a time-inhomongenous model in which transition probabiliti
es change over time 
 []


Underfull \hbox (badness 10000) in paragraph at lines 730--736
\TU/lmr/m/n/10 (e.g., death rates increase due to aging), we must construct sep
arate transition prob- 
 []


Underfull \hbox (badness 10000) in paragraph at lines 730--736
\TU/lmr/m/n/10 ability matrices for each cycle (i.e., $[][][][]$). State occupa
ncy at cycle $[]$ is calculated by 
 []


Underfull \hbox (badness 10000) in paragraph at lines 730--736
\TU/lmr/m/n/10 sequentially applying the transition matrices corresponding to e
ach time step leading 
 []


LaTeX Warning: Reference `tbl-trace1' on page 10 undefined on input line 741.


LaTeX Warning: Reference `tbl-trace2' on page 10 undefined on input line 742.


LaTeX Warning: Reference `tbl-trace1' on page 10 undefined on input line 743.


LaTeX Warning: Reference `tbl-trace2' on page 10 undefined on input line 747.


Underfull \hbox (badness 10000) in paragraph at lines 741--752
[]\TU/lmr/m/n/10 Table [] shows the Markov trace for the first five cycles unde
r Approach 1, while 
 []


Underfull \hbox (badness 10000) in paragraph at lines 741--752
\TU/lmr/m/n/10 Table [] shows the trace under Approach 2. Table [] also include
s a new column 
 []


Underfull \hbox (badness 10000) in paragraph at lines 741--752
\TU/lmr/m/n/10 (\TU/lmtt/m/n/10 deaths_disease\TU/lmr/m/n/10 ) that is calculat
ed as the difference in state occupancy in the \TU/lmtt/m/n/10 DS 
 []


Underfull \hbox (badness 10000) in paragraph at lines 741--752
\TU/lmr/m/n/10 column between cycles. This extra step will be necessary later f
or calculating YLL 
 []


Underfull \hbox (badness 10000) in paragraph at lines 741--752
\TU/lmr/m/n/10 outcomes. The trace shown under Approach 2 (Table []), by compar
ison, automat- 
 []


Underfull \hbox (badness 10000) in paragraph at lines 741--752
\TU/lmr/m/n/10 ically calculates new deaths through the inclusion of the transi
tion state \TU/lmtt/m/n/10 trDS\TU/lmr/m/n/10 ; the 
 []


Underfull \hbox (badness 10000) in paragraph at lines 741--752
\TU/lmr/m/n/10 values under \TU/lmtt/m/n/10 deaths_disease \TU/lmr/m/n/10 and \
TU/lmtt/m/n/10 trDS \TU/lmr/m/n/10 are identical, again highlighting that ei- 
 []


Underfull \hbox (badness 10000) in paragraph at lines 741--752
\TU/lmr/m/n/10 ther approach can be used to calculate the number of disease-rel
ated deaths in each 
 []


Underfull \hbox (badness 10000) in paragraph at lines 824--826
[]\TU/lmr/m/n/10 With the Markov trace constructed, we next turn our attention 
to defining payoff 
 []

[10]
File: images/d_yld.png Graphic file (type bmp)
<images/d_yld.png>

Underfull \hbox (badness 10000) in paragraph at lines 843--846
[]\TU/lmr/m/n/10 where $[]$ and $[]$ are the disability weights for the Sick an
d Sicker states, respec- 
 []


Underfull \hbox (badness 4913) in paragraph at lines 852--863
[]\TU/lmr/m/n/10 In the YLD payoff vector, the term $[][][] [] [][][]$ is inclu
ded as a continuous-time 
 []


Underfull \hbox (badness 10000) in paragraph at lines 852--863
\TU/lmr/m/n/10 discounting adjustment factor for the defined cycle length $[][]
$. This term is included 
 []


Underfull \hbox (badness 10000) in paragraph at lines 852--863
\TU/lmr/m/n/10 to discount time \TU/lmr/m/it/10 within \TU/lmr/m/n/10 each cycl
e in order to maintain the continuous-time discount- 
 []


Underfull \vbox (badness 1789) has occurred while \output is active []

[11]
Underfull \hbox (badness 10000) in paragraph at lines 864--868
[]\TU/lmr/m/n/10 To fully discount outcomes, we still must discount all future 
outcome values back 
 []


Underfull \hbox (badness 1210) in paragraph at lines 864--868
\TU/lmr/m/n/10 to baseline ($[] [] []$). For a time-homogeneous model, discount
ed years of life lost to 
 []


LaTeX Warning: Reference `sec-background' on page 12 undefined on input line 88
1.


LaTeX Warning: Reference `eq-yll' on page 12 undefined on input line 881.


Underfull \hbox (badness 10000) in paragraph at lines 881--888
[]\TU/lmr/m/n/10 As noted in Section [] and in Equation [], YLLs are based on t
he present value of 
 []


Underfull \hbox (badness 10000) in paragraph at lines 881--888
\TU/lmr/m/n/10 remaining life expectancy among deaths that occur in each cycle 
$[]$. Define $[][][][]$ as 
 []


Underfull \hbox (badness 10000) in paragraph at lines 881--888
\TU/lmr/m/n/10 at cycle $[]$. Following the GBD continuous time discounting app
roach, $[][][][][][][]$ is given 
 []


Underfull \hbox (badness 10000) in paragraph at lines 893--897
[]\TU/lmr/m/n/10 where $[][][][][]$ is the remaining life expectancy at age $[]
$. $[][][][][]$ is drawn from either 
 []


Underfull \hbox (badness 10000) in paragraph at lines 893--897
\TU/lmr/m/n/10 an exogenous (reference) or an endogenous life table, depending 
on the objectives of 
 []

File: images/d_yll.png Graphic file (type bmp)
<images/d_yll.png>

Underfull \hbox (badness 10000) in paragraph at lines 910--912
[]\TU/lmr/m/n/10 This payoff vector reflects discounting, but only in terms of 
the present value of 
 []

[12]
Underfull \hbox (badness 10000) in paragraph at lines 943--949
\TU/lmr/m/n/10 In the above notation, the matrix $[][]$ captures transition pro
babilities among tran- 
 []


Underfull \hbox (badness 10000) in paragraph at lines 943--949
\TU/lmr/m/n/10 sient (i.e., non-absorbing) health states, while $[][]$ captures
 transitions from tran- 
 []


Underfull \hbox (badness 10000) in paragraph at lines 943--949
\TU/lmr/m/n/10 sient health states to the absorbing death states (non-disease m
ortality and disease- 
 []


Underfull \hbox (badness 10000) in paragraph at lines 943--949
\TU/lmr/m/n/10 related mortality). Indexing by age class $[]$ indicates that se
parate matrices are 
 []


Underfull \hbox (badness 10000) in paragraph at lines 957--957
| [][][]\TU/lmr/m/n/8 The only difference with the two approaches above is that
 the rows in these rate matrices correspond
 []


Underfull \hbox (badness 10000) in paragraph at lines 957--957
\TU/lmr/m/n/8 to the final state, while the columns correspond to the starting 
state; this is the opposite of the rate matri-
 []


Underfull \hbox (badness 10000) in paragraph at lines 957--957
\TU/lmr/m/n/8 ces defined above, where the rows corresponded to the starting he
alth state and the columns to the ending
 []


Underfull \hbox (badness 10000) in paragraph at lines 950--958
[]\TU/lmr/m/n/10 To construct $[][]$ and $[][]$ we define transition rate (int
ensity) matrices as in Ap- 
 []


Underfull \hbox (badness 10000) in paragraph at lines 964--969
\TU/lmr/m/n/10 where $[][]$ is the rate matrix for the transitory (i.e., non-ab
sorbing) states and $[][]$ is 
 []


Underfull \hbox (badness 10000) in paragraph at lines 964--969
\TU/lmr/m/n/10 the rate matrix for the absorbing states. The diagonal elements 
of $[][]$ are the nega- 
 []


Underfull \hbox (badness 10000) in paragraph at lines 964--969
\TU/lmr/m/n/10 tive sum of the non-diagonal column elements, thus making the co
lumn sums of $[][]$ 
 []


Underfull \hbox (badness 10000) in paragraph at lines 970--974
[]\TU/lmr/m/n/10 For the defined time step $[][]$, the discrete time transition
 probability matrix $[][]$ is 
 []


Underfull \hbox (badness 10000) in paragraph at lines 970--974
\TU/lmr/m/n/10 obtained by taking the matrix exponential of the intensity matri
x ($[][]$) multipled by 
 []


Underfull \hbox (badness 10000) in paragraph at lines 988--991
[]\TU/lmr/m/n/10 In addition, the matrix $[][]$ defines age advancement in the 
Markov chain. Using the 
 []

[13]
Underfull \hbox (badness 10000) in paragraph at lines 1000--1005
[]\TU/lmr/m/n/10 In our implementation, we include the (optional) 1 value in th
e lower right corner; 
 []


Underfull \hbox (badness 10000) in paragraph at lines 1000--1005
\TU/lmr/m/n/10 this assumes that after the last specified age, the cohort conti
nues to experience 
 []


Underfull \hbox (badness 10000) in paragraph at lines 1000--1005
\TU/lmr/m/n/10 transitions among health states according to the transition prob
abilities defined for 
 []


Underfull \hbox (badness 10000) in paragraph at lines 1000--1005
\TU/lmr/m/n/10 the last age class. If this value is 0, the model will assume th
at everyone dies after 
 []


Underfull \hbox (badness 10000) in paragraph at lines 1006--1008
[]\TU/lmr/m/n/10 We next combine the transition matrices (for all age classes) 
together into a series of 
 []


Underfull \hbox (badness 10000) in paragraph at lines 1029--1034
[]\TU/lmr/m/n/10 where $[]$ is a permutation matrix known as the vec-permutatio
n matrix.[][][][][] See Hen- 
 []


Underfull \hbox (badness 10000) in paragraph at lines 1029--1034
\TU/lmr/m/n/10 derson & Searle (1981) and Appendix B in Caswell & van Daalen (2
021) for further 
 []


Underfull \hbox (badness 10000) in paragraph at lines 1061--1061
| [][][]\TU/lmr/m/n/8 Again, for our purposes here we will focus on expected ou
tcomesthough note that formulas for
 []


Underfull \hbox (badness 10000) in paragraph at lines 1053--1062
[]\TU/lmr/m/n/10 We now (nearly) have the components needed to calculate outcom
es. A key differ- 
 []


Underfull \hbox (badness 10000) in paragraph at lines 1053--1062
\TU/lmr/m/n/10 ence in the Healthy Longevity approach, relative to the approach
es above, is that we 
 []


Underfull \hbox (badness 10000) in paragraph at lines 1053--1062
\TU/lmr/m/n/10 do not calculate outcomes separately in each cycle, and then sum
 them. Rather, the 
 []


Underfull \hbox (badness 10000) in paragraph at lines 1053--1062
\TU/lmr/m/n/10 method utilizes matrix calculus to solve for \TU/lmr/m/it/10 exp
ected outcomes \TU/lmr/m/n/10 and other moments in 
 []


Underfull \hbox (badness 10000) in paragraph at lines 1063--1067
[]\TU/lmr/m/n/10 To calculate outcomes, we must next define reward matrices $
[][]$, where $[]$ indexes 
 []


Underfull \hbox (badness 10000) in paragraph at lines 1063--1067
\TU/lmr/m/n/10 the moment of interest (e.g., expected value, variance, etc.). T
he structure and 
 []


Underfull \hbox (badness 10000) in paragraph at lines 1068--1072
[]\TU/lmr/m/n/10 To facilitate how we define rewards (i.e., payoffs), we briefl
y classify each of our out- 
 []


Underfull \hbox (badness 10000) in paragraph at lines 1068--1072
\TU/lmr/m/n/10 comes (LE, YLL, YLD, DALYs, QALYs) into broad classes correspond
ing to whether 
 []


Underfull \hbox (badness 10000) in paragraph at lines 1068--1072
\TU/lmr/m/n/10 the payoff or reward applies to occupancy, or to transitions, 
within or to a given 
 []

[14]

LaTeX Warning: Reference `fig-H-le' on page 15 undefined on input line 1110.


Underfull \hbox (badness 10000) in paragraph at lines 1108--1111
[]\TU/lmr/m/n/10 To calculate occupancy-based outcomes, we start with a reward 
matrix $[]$, which has 
 []

File: images/H-LE.png Graphic file (type bmp)
<images/H-LE.png>

Underfull \hbox (badness 10000) in paragraph at lines 1128--1128
| [][][]\TU/lmr/m/n/8 This structure allows us, for example, to estimate outcom
es for certain age ranges or other decision-
 []


Underfull \hbox (badness 10000) in paragraph at lines 1124--1129
[]\TU/lmr/m/n/10 Cell values within this matrix can be set to one if we want to
 reward that health 
 []


Underfull \hbox (badness 10000) in paragraph at lines 1130--1132
[]\TU/lmr/m/n/10 For occupancy-based outcomes, we define $[]$ such that each ce
ll receives a value of 
 []

File: images/H-LE2.png Graphic file (type bmp)
<images/H-LE2.png>
[15]
Underfull \hbox (badness 10000) in paragraph at lines 1151--1153
\TU/lmr/m/n/10 We also define $[][]$ as the complement of $[]$, (i.e., values o
f 1.0 become 0, and vice 
 []


Underfull \hbox (badness 10000) in paragraph at lines 1154--1157
[]\TU/lmr/m/n/10 Occupancy-based outcomes with partial rewards (e.g., YLDs, QAL
Ys) require an 
 []


Underfull \hbox (badness 10000) in paragraph at lines 1158--1161
[]\TU/lmr/m/n/10 If $[]$ is the set of states that receive a reward (e.g., the 
CVD state for both QALYs 
 []


LaTeX Warning: Reference `fig-V-yld' on page 16 undefined on input line 1165.


LaTeX Warning: Reference `fig-V-qaly' on page 16 undefined on input line 1166.


Underfull \hbox (badness 10000) in paragraph at lines 1164--1167
\TU/lmr/m/n/10 For YLD outcomes, $[]$ is defined as shown in Figure [], while f
or QALY outcomes 
 []

File: images/H-YLD.png Graphic file (type bmp)
<images/H-YLD.png>
File: images/H-QALY.png Graphic file (type bmp)
<images/H-QALY.png>

! LaTeX Error: \mathbf allowed only in math mode.

See the LaTeX manual or LaTeX Companion for explanation.
Type  H <return>  for immediate help.
 ...                                              
                                                  
l.1188 ...ward matrix \mathbf{V} for QALY Outcome}
                                                   
Here is how much of TeX's memory you used:
 23525 strings out of 476683
 433362 string characters out of 5804046
 1867018 words of memory out of 5000000
 43357 multiletter control sequences out of 15000+600000
 518276 words of font info for 91 fonts, out of 8000000 for 9000
 1354 hyphenation exceptions out of 8191
 98i,10n,121p,1002b,577s stack positions out of 10000i,1000n,20000p,200000b,200000s

Output written on index.pdf (15 pages).
